2020-05-02 01:17:38,231 INFO input.FileInputFormat: Total input files to process : 1
2020-05-02 01:17:38,291 INFO sasl.SaslDataTransferClient: SASL encryption trust check: localHostTrusted = false, remoteHostTrusted = false
2020-05-02 01:17:38,725 INFO sasl.SaslDataTransferClient: SASL encryption trust check: localHostTrusted = false, remoteHostTrusted = false
2020-05-02 01:17:38,929 INFO sasl.SaslDataTransferClient: SASL encryption trust check: localHostTrusted = false, remoteHostTrusted = false
2020-05-02 01:17:39,149 INFO sasl.SaslDataTransferClient: SASL encryption trust check: localHostTrusted = false, remoteHostTrusted = false
2020-05-02 01:17:39,326 INFO sasl.SaslDataTransferClient: SASL encryption trust check: localHostTrusted = false, remoteHostTrusted = false
2020-05-02 01:17:39,498 INFO sasl.SaslDataTransferClient: SASL encryption trust check: localHostTrusted = false, remoteHostTrusted = false
2020-05-02 01:17:39,669 INFO sasl.SaslDataTransferClient: SASL encryption trust check: localHostTrusted = false, remoteHostTrusted = false
2020-05-02 01:17:39,867 INFO sasl.SaslDataTransferClient: SASL encryption trust check: localHostTrusted = false, remoteHostTrusted = false
2020-05-02 01:17:40,055 INFO sasl.SaslDataTransferClient: SASL encryption trust check: localHostTrusted = false, remoteHostTrusted = false
2020-05-02 01:17:40,230 INFO sasl.SaslDataTransferClient: SASL encryption trust check: localHostTrusted = false, remoteHostTrusted = false
2020-05-02 01:17:40,407 INFO sasl.SaslDataTransferClient: SASL encryption trust check: localHostTrusted = false, remoteHostTrusted = false
2020-05-02 01:17:40,586 INFO sasl.SaslDataTransferClient: SASL encryption trust check: localHostTrusted = false, remoteHostTrusted = false
2020-05-02 01:17:40,754 INFO sasl.SaslDataTransferClient: SASL encryption trust check: localHostTrusted = false, remoteHostTrusted = false
2020-05-02 01:17:40,937 INFO sasl.SaslDataTransferClient: SASL encryption trust check: localHostTrusted = false, remoteHostTrusted = false
2020-05-02 01:17:41,121 INFO sasl.SaslDataTransferClient: SASL encryption trust check: localHostTrusted = false, remoteHostTrusted = false
2020-05-02 01:17:41,296 INFO sasl.SaslDataTransferClient: SASL encryption trust check: localHostTrusted = false, remoteHostTrusted = false
2020-05-02 01:17:41,473 INFO sasl.SaslDataTransferClient: SASL encryption trust check: localHostTrusted = false, remoteHostTrusted = false
2020-05-02 01:17:41,651 INFO sasl.SaslDataTransferClient: SASL encryption trust check: localHostTrusted = false, remoteHostTrusted = false
2020-05-02 01:17:41,847 INFO sasl.SaslDataTransferClient: SASL encryption trust check: localHostTrusted = false, remoteHostTrusted = false
2020-05-02 01:17:42,025 INFO sasl.SaslDataTransferClient: SASL encryption trust check: localHostTrusted = false, remoteHostTrusted = false
2020-05-02 01:17:42,205 INFO sasl.SaslDataTransferClient: SASL encryption trust check: localHostTrusted = false, remoteHostTrusted = false
2020-05-02 01:17:42,383 INFO sasl.SaslDataTransferClient: SASL encryption trust check: localHostTrusted = false, remoteHostTrusted = false
2020-05-02 01:17:42,572 INFO sasl.SaslDataTransferClient: SASL encryption trust check: localHostTrusted = false, remoteHostTrusted = false
2020-05-02 01:17:42,742 INFO sasl.SaslDataTransferClient: SASL encryption trust check: localHostTrusted = false, remoteHostTrusted = false
2020-05-02 01:17:42,904 INFO sasl.SaslDataTransferClient: SASL encryption trust check: localHostTrusted = false, remoteHostTrusted = false
2020-05-02 01:17:43,068 INFO sasl.SaslDataTransferClient: SASL encryption trust check: localHostTrusted = false, remoteHostTrusted = false
2020-05-02 01:17:43,248 INFO sasl.SaslDataTransferClient: SASL encryption trust check: localHostTrusted = false, remoteHostTrusted = false
2020-05-02 01:17:43,408 INFO sasl.SaslDataTransferClient: SASL encryption trust check: localHostTrusted = false, remoteHostTrusted = false
2020-05-02 01:17:43,569 INFO sasl.SaslDataTransferClient: SASL encryption trust check: localHostTrusted = false, remoteHostTrusted = false
2020-05-02 01:17:43,731 INFO sasl.SaslDataTransferClient: SASL encryption trust check: localHostTrusted = false, remoteHostTrusted = false
2020-05-02 01:17:43,898 INFO sasl.SaslDataTransferClient: SASL encryption trust check: localHostTrusted = false, remoteHostTrusted = false
2020-05-02 01:17:44,057 INFO sasl.SaslDataTransferClient: SASL encryption trust check: localHostTrusted = false, remoteHostTrusted = false
2020-05-02 01:17:44,220 INFO sasl.SaslDataTransferClient: SASL encryption trust check: localHostTrusted = false, remoteHostTrusted = false
2020-05-02 01:17:44,546 INFO sasl.SaslDataTransferClient: SASL encryption trust check: localHostTrusted = false, remoteHostTrusted = false
2020-05-02 01:17:44,705 INFO sasl.SaslDataTransferClient: SASL encryption trust check: localHostTrusted = false, remoteHostTrusted = false
2020-05-02 01:17:44,865 INFO sasl.SaslDataTransferClient: SASL encryption trust check: localHostTrusted = false, remoteHostTrusted = false
2020-05-02 01:17:45,021 INFO sasl.SaslDataTransferClient: SASL encryption trust check: localHostTrusted = false, remoteHostTrusted = false
2020-05-02 01:17:45,188 INFO sasl.SaslDataTransferClient: SASL encryption trust check: localHostTrusted = false, remoteHostTrusted = false
2020-05-02 01:17:45,363 INFO sasl.SaslDataTransferClient: SASL encryption trust check: localHostTrusted = false, remoteHostTrusted = false
2020-05-02 01:17:45,520 INFO sasl.SaslDataTransferClient: SASL encryption trust check: localHostTrusted = false, remoteHostTrusted = false
2020-05-02 01:17:45,678 INFO sasl.SaslDataTransferClient: SASL encryption trust check: localHostTrusted = false, remoteHostTrusted = false
2020-05-02 01:17:45,840 INFO sasl.SaslDataTransferClient: SASL encryption trust check: localHostTrusted = false, remoteHostTrusted = false
2020-05-02 01:17:45,999 INFO sasl.SaslDataTransferClient: SASL encryption trust check: localHostTrusted = false, remoteHostTrusted = false
2020-05-02 01:17:46,160 INFO sasl.SaslDataTransferClient: SASL encryption trust check: localHostTrusted = false, remoteHostTrusted = false
2020-05-02 01:17:46,319 INFO sasl.SaslDataTransferClient: SASL encryption trust check: localHostTrusted = false, remoteHostTrusted = false
2020-05-02 01:17:46,484 INFO sasl.SaslDataTransferClient: SASL encryption trust check: localHostTrusted = false, remoteHostTrusted = false
2020-05-02 01:17:46,657 INFO sasl.SaslDataTransferClient: SASL encryption trust check: localHostTrusted = false, remoteHostTrusted = false
2020-05-02 01:17:46,828 INFO sasl.SaslDataTransferClient: SASL encryption trust check: localHostTrusted = false, remoteHostTrusted = false
2020-05-02 01:17:47,001 INFO sasl.SaslDataTransferClient: SASL encryption trust check: localHostTrusted = false, remoteHostTrusted = false
2020-05-02 01:17:47,174 INFO sasl.SaslDataTransferClient: SASL encryption trust check: localHostTrusted = false, remoteHostTrusted = false
2020-05-02 01:17:47,345 INFO sasl.SaslDataTransferClient: SASL encryption trust check: localHostTrusted = false, remoteHostTrusted = false
2020-05-02 01:17:47,524 INFO sasl.SaslDataTransferClient: SASL encryption trust check: localHostTrusted = false, remoteHostTrusted = false
2020-05-02 01:17:47,715 INFO sasl.SaslDataTransferClient: SASL encryption trust check: localHostTrusted = false, remoteHostTrusted = false
2020-05-02 01:17:47,877 INFO sasl.SaslDataTransferClient: SASL encryption trust check: localHostTrusted = false, remoteHostTrusted = false
2020-05-02 01:17:48,039 INFO sasl.SaslDataTransferClient: SASL encryption trust check: localHostTrusted = false, remoteHostTrusted = false
2020-05-02 01:17:48,198 INFO sasl.SaslDataTransferClient: SASL encryption trust check: localHostTrusted = false, remoteHostTrusted = false
2020-05-02 01:17:48,357 INFO sasl.SaslDataTransferClient: SASL encryption trust check: localHostTrusted = false, remoteHostTrusted = false
2020-05-02 01:17:48,515 INFO sasl.SaslDataTransferClient: SASL encryption trust check: localHostTrusted = false, remoteHostTrusted = false
2020-05-02 01:17:48,676 INFO sasl.SaslDataTransferClient: SASL encryption trust check: localHostTrusted = false, remoteHostTrusted = false
2020-05-02 01:17:48,834 INFO sasl.SaslDataTransferClient: SASL encryption trust check: localHostTrusted = false, remoteHostTrusted = false
2020-05-02 01:17:48,997 INFO sasl.SaslDataTransferClient: SASL encryption trust check: localHostTrusted = false, remoteHostTrusted = false
2020-05-02 01:17:49,159 INFO sasl.SaslDataTransferClient: SASL encryption trust check: localHostTrusted = false, remoteHostTrusted = false
2020-05-02 01:17:49,314 INFO sasl.SaslDataTransferClient: SASL encryption trust check: localHostTrusted = false, remoteHostTrusted = false
2020-05-02 01:17:49,475 INFO partition.InputSampler: Using 10000 samples
2020-05-02 01:17:49,553 INFO zlib.ZlibFactory: Successfully loaded & initialized native-zlib library
2020-05-02 01:17:49,554 INFO compress.CodecPool: Got brand-new compressor [.deflate]
2020-05-02 01:17:49,593 INFO sasl.SaslDataTransferClient: SASL encryption trust check: localHostTrusted = false, remoteHostTrusted = false
2020-05-02 01:17:49,699 INFO client.RMProxy: Connecting to ResourceManager at /192.168.122.158:8032
2020-05-02 01:17:49,942 WARN mapreduce.JobResourceUploader: Hadoop command-line option parsing not performed. Implement the Tool interface and execute your application with ToolRunner to remedy this.
2020-05-02 01:17:49,955 INFO mapreduce.JobResourceUploader: Disabling Erasure Coding for path: /tmp/hadoop-yarn/staging/ubuntu/.staging/job_1588379203999_0006
2020-05-02 01:17:49,979 INFO sasl.SaslDataTransferClient: SASL encryption trust check: localHostTrusted = false, remoteHostTrusted = false
2020-05-02 01:17:50,015 INFO input.FileInputFormat: Total input files to process : 1
2020-05-02 01:17:50,034 INFO sasl.SaslDataTransferClient: SASL encryption trust check: localHostTrusted = false, remoteHostTrusted = false
2020-05-02 01:17:50,076 INFO sasl.SaslDataTransferClient: SASL encryption trust check: localHostTrusted = false, remoteHostTrusted = false
2020-05-02 01:17:50,085 INFO mapreduce.JobSubmitter: number of splits:64
2020-05-02 01:17:50,215 INFO sasl.SaslDataTransferClient: SASL encryption trust check: localHostTrusted = false, remoteHostTrusted = false
2020-05-02 01:17:50,233 INFO mapreduce.JobSubmitter: Submitting tokens for job: job_1588379203999_0006
2020-05-02 01:17:50,233 INFO mapreduce.JobSubmitter: Executing with tokens: []
2020-05-02 01:17:50,373 INFO conf.Configuration: resource-types.xml not found
2020-05-02 01:17:50,373 INFO resource.ResourceUtils: Unable to find 'resource-types.xml'.
2020-05-02 01:17:50,427 INFO impl.YarnClientImpl: Submitted application application_1588379203999_0006
2020-05-02 01:17:50,457 INFO mapreduce.Job: The url to track the job: http://demo-namenode.local:8088/proxy/application_1588379203999_0006/
2020-05-02 01:17:50,458 INFO mapreduce.Job: Running job: job_1588379203999_0006
2020-05-02 01:17:55,565 INFO mapreduce.Job: Job job_1588379203999_0006 running in uber mode : false
2020-05-02 01:17:55,568 INFO mapreduce.Job:  map 0% reduce 0%
2020-05-02 01:18:08,778 INFO mapreduce.Job:  map 2% reduce 0%
2020-05-02 01:18:10,789 INFO mapreduce.Job:  map 3% reduce 0%
2020-05-02 01:18:12,801 INFO mapreduce.Job:  map 5% reduce 0%
2020-05-02 01:18:14,817 INFO mapreduce.Job:  map 6% reduce 0%
2020-05-02 01:18:16,832 INFO mapreduce.Job:  map 8% reduce 0%
2020-05-02 01:18:17,847 INFO mapreduce.Job:  map 20% reduce 0%
2020-05-02 01:18:18,858 INFO mapreduce.Job:  map 69% reduce 0%
2020-05-02 01:18:19,866 INFO mapreduce.Job:  map 72% reduce 0%
2020-05-02 01:18:21,886 INFO mapreduce.Job:  map 73% reduce 0%
2020-05-02 01:18:22,894 INFO mapreduce.Job:  map 75% reduce 0%
2020-05-02 01:18:26,916 INFO mapreduce.Job:  map 78% reduce 0%
2020-05-02 01:18:27,922 INFO mapreduce.Job:  map 80% reduce 0%
2020-05-02 01:18:28,939 INFO mapreduce.Job:  map 100% reduce 0%
2020-05-02 01:18:31,962 INFO mapreduce.Job:  map 100% reduce 8%
2020-05-02 01:18:32,968 INFO mapreduce.Job:  map 100% reduce 16%
2020-05-02 01:18:33,981 INFO mapreduce.Job:  map 100% reduce 39%
2020-05-02 01:18:38,017 INFO mapreduce.Job:  map 100% reduce 49%
2020-05-02 01:18:39,036 INFO mapreduce.Job:  map 100% reduce 59%
2020-05-02 01:18:40,045 INFO mapreduce.Job:  map 100% reduce 77%
2020-05-02 01:18:44,067 INFO mapreduce.Job:  map 100% reduce 88%
2020-05-02 01:18:45,075 INFO mapreduce.Job:  map 100% reduce 99%
2020-05-02 01:18:46,083 INFO mapreduce.Job:  map 100% reduce 100%
2020-05-02 01:18:48,112 INFO mapreduce.Job: Job job_1588379203999_0006 completed successfully
2020-05-02 01:18:48,230 INFO mapreduce.Job: Counters: 56
	File System Counters
		FILE: Number of bytes read=4380866634
		FILE: Number of bytes written=8777127556
		FILE: Number of read operations=0
		FILE: Number of large read operations=0
		FILE: Number of write operations=0
		HDFS: Number of bytes read=4303262176
		HDFS: Number of bytes written=4294967200
		HDFS: Number of read operations=340
		HDFS: Number of large read operations=0
		HDFS: Number of write operations=8
		HDFS: Number of bytes read erasure-coded=0
	Job Counters 
		Killed map tasks=1
		Launched map tasks=65
		Launched reduce tasks=4
		Data-local map tasks=56
		Rack-local map tasks=9
		Total time spent by all maps in occupied slots (ms)=868164
		Total time spent by all reduces in occupied slots (ms)=105810
		Total time spent by all map tasks (ms)=868164
		Total time spent by all reduce tasks (ms)=105810
		Total vcore-milliseconds taken by all map tasks=868164
		Total vcore-milliseconds taken by all reduce tasks=105810
		Total megabyte-milliseconds taken by all map tasks=888999936
		Total megabyte-milliseconds taken by all reduce tasks=108349440
	Map-Reduce Framework
		Map input records=42949672
		Map output records=42949672
		Map output bytes=4294967200
		Map output materialized bytes=4380868080
		Input split bytes=7104
		Combine input records=0
		Combine output records=0
		Reduce input groups=42949672
		Reduce shuffle bytes=4380868080
		Reduce input records=42949672
		Reduce output records=42949672
		Spilled Records=85899344
		Shuffled Maps =256
		Failed Shuffles=0
		Merged Map outputs=256
		GC time elapsed (ms)=124024
		CPU time spent (ms)=607780
		Physical memory (bytes) snapshot=40902217728
		Virtual memory (bytes) snapshot=182521024512
		Total committed heap usage (bytes)=54669606912
		Peak Map Physical memory (bytes)=594546688
		Peak Map Virtual memory (bytes)=2695155712
		Peak Reduce Physical memory (bytes)=1077227520
		Peak Reduce Virtual memory (bytes)=2711777280
	Shuffle Errors
		BAD_ID=0
		CONNECTION=0
		IO_ERROR=0
		WRONG_LENGTH=0
		WRONG_MAP=0
		WRONG_REDUCE=0
	File Input Format Counters 
		Bytes Read=4303224736
	File Output Format Counters 
		Bytes Written=4294967200
Total time to sort data on hadoop: 70.839 seconds

Valsort
./valsort -o part-00000.sum ../output/part-r-00000
Records: 11197608
Checksum: 557045f4f5923d
Duplicate keys: 0
SUCCESS - all records are in order
./valsort -o part-00001.sum ../output/part-r-00001
Records: 10618192
Checksum: 5103363ccbaa9c
Duplicate keys: 0
SUCCESS - all records are in order
./valsort -o part-00002.sum ../output/part-r-00002
Records: 10422815
Checksum: 4f879f90d8c1b5
Duplicate keys: 0
SUCCESS - all records are in order
./valsort -o part-00003.sum ../output/part-r-00003
Records: 10711057
Checksum: 51ba7b7d0e328c
Duplicate keys: 0
SUCCESS - all records are in order
./valsort -o part-00004.sum ../output/part-r-00004
sp_start failed: ../output/part-r-00004: No such file or directory

cat part-00000.sum part-00001.sum part-00002.sum part-00003.sum part-00004.sum 
./valsort -s all.sum
Records: 42949672
Checksum: 147b5973fa8311a
Duplicate keys: 0
SUCCESS - all records are in order

