2020-04-29 18:37:53,669 INFO input.FileInputFormat: Total input files to process : 1
2020-04-29 18:37:53,727 INFO sasl.SaslDataTransferClient: SASL encryption trust check: localHostTrusted = false, remoteHostTrusted = false
2020-04-29 18:37:54,085 INFO sasl.SaslDataTransferClient: SASL encryption trust check: localHostTrusted = false, remoteHostTrusted = false
2020-04-29 18:37:54,287 INFO sasl.SaslDataTransferClient: SASL encryption trust check: localHostTrusted = false, remoteHostTrusted = false
2020-04-29 18:37:54,463 INFO sasl.SaslDataTransferClient: SASL encryption trust check: localHostTrusted = false, remoteHostTrusted = false
2020-04-29 18:37:54,627 INFO sasl.SaslDataTransferClient: SASL encryption trust check: localHostTrusted = false, remoteHostTrusted = false
2020-04-29 18:37:54,646 INFO sasl.SaslDataTransferClient: SASL encryption trust check: localHostTrusted = false, remoteHostTrusted = false
2020-04-29 18:37:54,844 INFO sasl.SaslDataTransferClient: SASL encryption trust check: localHostTrusted = false, remoteHostTrusted = false
2020-04-29 18:37:54,853 INFO sasl.SaslDataTransferClient: SASL encryption trust check: localHostTrusted = false, remoteHostTrusted = false
2020-04-29 18:37:55,065 INFO sasl.SaslDataTransferClient: SASL encryption trust check: localHostTrusted = false, remoteHostTrusted = false
2020-04-29 18:37:55,411 INFO sasl.SaslDataTransferClient: SASL encryption trust check: localHostTrusted = false, remoteHostTrusted = false
2020-04-29 18:37:55,749 INFO sasl.SaslDataTransferClient: SASL encryption trust check: localHostTrusted = false, remoteHostTrusted = false
2020-04-29 18:37:55,930 INFO sasl.SaslDataTransferClient: SASL encryption trust check: localHostTrusted = false, remoteHostTrusted = false
2020-04-29 18:37:56,101 INFO sasl.SaslDataTransferClient: SASL encryption trust check: localHostTrusted = false, remoteHostTrusted = false
2020-04-29 18:37:56,266 INFO sasl.SaslDataTransferClient: SASL encryption trust check: localHostTrusted = false, remoteHostTrusted = false
2020-04-29 18:37:56,462 INFO sasl.SaslDataTransferClient: SASL encryption trust check: localHostTrusted = false, remoteHostTrusted = false
2020-04-29 18:37:56,638 INFO sasl.SaslDataTransferClient: SASL encryption trust check: localHostTrusted = false, remoteHostTrusted = false
2020-04-29 18:37:56,643 INFO partition.InputSampler: Using 1000 samples
2020-04-29 18:37:56,707 INFO zlib.ZlibFactory: Successfully loaded & initialized native-zlib library
2020-04-29 18:37:56,708 INFO compress.CodecPool: Got brand-new compressor [.deflate]
2020-04-29 18:37:56,749 INFO sasl.SaslDataTransferClient: SASL encryption trust check: localHostTrusted = false, remoteHostTrusted = false
2020-04-29 18:37:56,895 INFO client.RMProxy: Connecting to ResourceManager at /192.168.122.69:8032
2020-04-29 18:37:57,147 WARN mapreduce.JobResourceUploader: Hadoop command-line option parsing not performed. Implement the Tool interface and execute your application with ToolRunner to remedy this.
2020-04-29 18:37:57,173 INFO mapreduce.JobResourceUploader: Disabling Erasure Coding for path: /tmp/hadoop-yarn/staging/ubuntu/.staging/job_1588182388097_0002
2020-04-29 18:37:57,197 INFO sasl.SaslDataTransferClient: SASL encryption trust check: localHostTrusted = false, remoteHostTrusted = false
2020-04-29 18:37:57,652 INFO input.FileInputFormat: Total input files to process : 1
2020-04-29 18:37:57,675 INFO sasl.SaslDataTransferClient: SASL encryption trust check: localHostTrusted = false, remoteHostTrusted = false
2020-04-29 18:37:57,790 INFO sasl.SaslDataTransferClient: SASL encryption trust check: localHostTrusted = false, remoteHostTrusted = false
2020-04-29 18:37:57,803 INFO mapreduce.JobSubmitter: number of splits:15
2020-04-29 18:37:57,851 INFO Configuration.deprecation: mapred.textoutputformat.separator is deprecated. Instead, use mapreduce.output.textoutputformat.separator
2020-04-29 18:37:57,921 INFO sasl.SaslDataTransferClient: SASL encryption trust check: localHostTrusted = false, remoteHostTrusted = false
2020-04-29 18:37:58,341 INFO mapreduce.JobSubmitter: Submitting tokens for job: job_1588182388097_0002
2020-04-29 18:37:58,342 INFO mapreduce.JobSubmitter: Executing with tokens: []
2020-04-29 18:37:58,497 INFO conf.Configuration: resource-types.xml not found
2020-04-29 18:37:58,497 INFO resource.ResourceUtils: Unable to find 'resource-types.xml'.
2020-04-29 18:37:58,546 INFO impl.YarnClientImpl: Submitted application application_1588182388097_0002
2020-04-29 18:37:58,573 INFO mapreduce.Job: The url to track the job: http://namenode.local:8088/proxy/application_1588182388097_0002/
2020-04-29 18:37:58,574 INFO mapreduce.Job: Running job: job_1588182388097_0002
2020-04-29 18:38:03,696 INFO mapreduce.Job: Job job_1588182388097_0002 running in uber mode : false
2020-04-29 18:38:03,698 INFO mapreduce.Job:  map 0% reduce 0%
2020-04-29 18:38:11,802 INFO mapreduce.Job:  map 20% reduce 0%
2020-04-29 18:38:15,831 INFO mapreduce.Job:  map 47% reduce 0%
2020-04-29 18:38:16,838 INFO mapreduce.Job:  map 100% reduce 0%
2020-04-29 18:38:20,868 INFO mapreduce.Job:  map 100% reduce 25%
2020-04-29 18:38:21,875 INFO mapreduce.Job:  map 100% reduce 50%
2020-04-29 18:38:22,890 INFO mapreduce.Job:  map 100% reduce 75%
2020-04-29 18:38:23,902 INFO mapreduce.Job:  map 100% reduce 100%
2020-04-29 18:38:26,945 INFO mapreduce.Job: Job job_1588182388097_0002 completed successfully
2020-04-29 18:38:27,061 INFO mapreduce.Job: Counters: 56
	File System Counters
		FILE: Number of bytes read=1020000024
		FILE: Number of bytes written=2044300360
		FILE: Number of read operations=0
		FILE: Number of large read operations=0
		FILE: Number of write operations=0
		HDFS: Number of bytes read=1001843828
		HDFS: Number of bytes written=1000000000
		HDFS: Number of read operations=95
		HDFS: Number of large read operations=0
		HDFS: Number of write operations=8
		HDFS: Number of bytes read erasure-coded=0
	Job Counters 
		Killed map tasks=1
		Launched map tasks=15
		Launched reduce tasks=4
		Data-local map tasks=14
		Rack-local map tasks=1
		Total time spent by all maps in occupied slots (ms)=136840
		Total time spent by all reduces in occupied slots (ms)=30814
		Total time spent by all map tasks (ms)=136840
		Total time spent by all reduce tasks (ms)=30814
		Total vcore-milliseconds taken by all map tasks=136840
		Total vcore-milliseconds taken by all reduce tasks=30814
		Total megabyte-milliseconds taken by all map tasks=140124160
		Total megabyte-milliseconds taken by all reduce tasks=31553536
	Map-Reduce Framework
		Map input records=10000000
		Map output records=10000000
		Map output bytes=1000000000
		Map output materialized bytes=1020000360
		Input split bytes=1710
		Combine input records=0
		Combine output records=0
		Reduce input groups=10000000
		Reduce shuffle bytes=1020000360
		Reduce input records=10000000
		Reduce output records=10000000
		Spilled Records=20000000
		Shuffled Maps =60
		Failed Shuffles=0
		Merged Map outputs=60
		GC time elapsed (ms)=3556
		CPU time spent (ms)=75860
		Physical memory (bytes) snapshot=9707134976
		Virtual memory (bytes) snapshot=49410400256
		Total committed heap usage (bytes)=8779202560
		Peak Map Physical memory (bytes)=489484288
		Peak Map Virtual memory (bytes)=2599817216
		Peak Reduce Physical memory (bytes)=638373888
		Peak Reduce Virtual memory (bytes)=2643939328
	Shuffle Errors
		BAD_ID=0
		CONNECTION=0
		IO_ERROR=0
		WRONG_LENGTH=0
		WRONG_MAP=0
		WRONG_REDUCE=0
	File Input Format Counters 
		Bytes Read=1001835008
	File Output Format Counters 
		Bytes Written=1000000000
Total time to sort data on hadoop: 34.11 seconds

Valsort
./valsort -o part-r-00000.sum part-r-00000
Records: 2579605
Checksum: 13ab80dc5a59a2
Duplicate keys: 0
SUCCESS - all records are in order
./valsort -o part-r-00001.sum part-r-00001
Records: 2503253
Checksum: 1318422337101e
Duplicate keys: 0
SUCCESS - all records are in order
./valsort -o part-r-00002.sum part-r-00002
Records: 2422574
Checksum: 127bac89801f5a
Duplicate keys: 0
SUCCESS - all records are in order
./valsort -o part-r-00003.sum part-r-00003
Records: 2594568
Checksum: 130938f8b5f0bb
Duplicate keys: 0
SUCCESS - all records are in order
cat part-r-00000.sum part-r-00001.sum part-r-00002.sum part-r-00003.sum
./valsort -s all.sum
Records: 10737418
Checksum: 51e88faefe7b34
Duplicate keys: 0
SUCCESS - all records are in order
