2020-04-29 19:59:03,291 INFO input.FileInputFormat: Total input files to process : 1
2020-04-29 19:59:03,336 INFO sasl.SaslDataTransferClient: SASL encryption trust check: localHostTrusted = false, remoteHostTrusted = false
2020-04-29 19:59:03,676 INFO sasl.SaslDataTransferClient: SASL encryption trust check: localHostTrusted = false, remoteHostTrusted = false
2020-04-29 19:59:03,692 INFO sasl.SaslDataTransferClient: SASL encryption trust check: localHostTrusted = false, remoteHostTrusted = false
2020-04-29 19:59:03,900 INFO sasl.SaslDataTransferClient: SASL encryption trust check: localHostTrusted = false, remoteHostTrusted = false
2020-04-29 19:59:04,254 INFO sasl.SaslDataTransferClient: SASL encryption trust check: localHostTrusted = false, remoteHostTrusted = false
2020-04-29 19:59:04,260 INFO sasl.SaslDataTransferClient: SASL encryption trust check: localHostTrusted = false, remoteHostTrusted = false
2020-04-29 19:59:04,472 INFO sasl.SaslDataTransferClient: SASL encryption trust check: localHostTrusted = false, remoteHostTrusted = false
2020-04-29 19:59:04,483 INFO sasl.SaslDataTransferClient: SASL encryption trust check: localHostTrusted = false, remoteHostTrusted = false
2020-04-29 19:59:04,853 INFO sasl.SaslDataTransferClient: SASL encryption trust check: localHostTrusted = false, remoteHostTrusted = false
2020-04-29 19:59:05,016 INFO sasl.SaslDataTransferClient: SASL encryption trust check: localHostTrusted = false, remoteHostTrusted = false
2020-04-29 19:59:05,023 INFO sasl.SaslDataTransferClient: SASL encryption trust check: localHostTrusted = false, remoteHostTrusted = false
2020-04-29 19:59:05,196 INFO sasl.SaslDataTransferClient: SASL encryption trust check: localHostTrusted = false, remoteHostTrusted = false
2020-04-29 19:59:05,575 INFO sasl.SaslDataTransferClient: SASL encryption trust check: localHostTrusted = false, remoteHostTrusted = false
2020-04-29 19:59:05,749 INFO sasl.SaslDataTransferClient: SASL encryption trust check: localHostTrusted = false, remoteHostTrusted = false
2020-04-29 19:59:05,932 INFO sasl.SaslDataTransferClient: SASL encryption trust check: localHostTrusted = false, remoteHostTrusted = false
2020-04-29 19:59:06,127 INFO sasl.SaslDataTransferClient: SASL encryption trust check: localHostTrusted = false, remoteHostTrusted = false
2020-04-29 19:59:06,313 INFO sasl.SaslDataTransferClient: SASL encryption trust check: localHostTrusted = false, remoteHostTrusted = false
2020-04-29 19:59:06,320 INFO sasl.SaslDataTransferClient: SASL encryption trust check: localHostTrusted = false, remoteHostTrusted = false
2020-04-29 19:59:06,641 INFO sasl.SaslDataTransferClient: SASL encryption trust check: localHostTrusted = false, remoteHostTrusted = false
2020-04-29 19:59:06,648 INFO sasl.SaslDataTransferClient: SASL encryption trust check: localHostTrusted = false, remoteHostTrusted = false
2020-04-29 19:59:06,801 INFO sasl.SaslDataTransferClient: SASL encryption trust check: localHostTrusted = false, remoteHostTrusted = false
2020-04-29 19:59:06,965 INFO sasl.SaslDataTransferClient: SASL encryption trust check: localHostTrusted = false, remoteHostTrusted = false
2020-04-29 19:59:07,479 INFO sasl.SaslDataTransferClient: SASL encryption trust check: localHostTrusted = false, remoteHostTrusted = false
2020-04-29 19:59:07,488 INFO sasl.SaslDataTransferClient: SASL encryption trust check: localHostTrusted = false, remoteHostTrusted = false
2020-04-29 19:59:07,652 INFO sasl.SaslDataTransferClient: SASL encryption trust check: localHostTrusted = false, remoteHostTrusted = false
2020-04-29 19:59:07,809 INFO sasl.SaslDataTransferClient: SASL encryption trust check: localHostTrusted = false, remoteHostTrusted = false
2020-04-29 19:59:07,815 INFO sasl.SaslDataTransferClient: SASL encryption trust check: localHostTrusted = false, remoteHostTrusted = false
2020-04-29 19:59:07,995 INFO sasl.SaslDataTransferClient: SASL encryption trust check: localHostTrusted = false, remoteHostTrusted = false
2020-04-29 19:59:08,171 INFO sasl.SaslDataTransferClient: SASL encryption trust check: localHostTrusted = false, remoteHostTrusted = false
2020-04-29 19:59:08,494 INFO sasl.SaslDataTransferClient: SASL encryption trust check: localHostTrusted = false, remoteHostTrusted = false
2020-04-29 19:59:08,665 INFO sasl.SaslDataTransferClient: SASL encryption trust check: localHostTrusted = false, remoteHostTrusted = false
2020-04-29 19:59:08,833 INFO sasl.SaslDataTransferClient: SASL encryption trust check: localHostTrusted = false, remoteHostTrusted = false
2020-04-29 19:59:09,003 INFO sasl.SaslDataTransferClient: SASL encryption trust check: localHostTrusted = false, remoteHostTrusted = false
2020-04-29 19:59:09,166 INFO sasl.SaslDataTransferClient: SASL encryption trust check: localHostTrusted = false, remoteHostTrusted = false
2020-04-29 19:59:09,172 INFO sasl.SaslDataTransferClient: SASL encryption trust check: localHostTrusted = false, remoteHostTrusted = false
2020-04-29 19:59:09,519 INFO sasl.SaslDataTransferClient: SASL encryption trust check: localHostTrusted = false, remoteHostTrusted = false
2020-04-29 19:59:09,525 INFO sasl.SaslDataTransferClient: SASL encryption trust check: localHostTrusted = false, remoteHostTrusted = false
2020-04-29 19:59:10,008 INFO sasl.SaslDataTransferClient: SASL encryption trust check: localHostTrusted = false, remoteHostTrusted = false
2020-04-29 19:59:10,203 INFO sasl.SaslDataTransferClient: SASL encryption trust check: localHostTrusted = false, remoteHostTrusted = false
2020-04-29 19:59:10,380 INFO sasl.SaslDataTransferClient: SASL encryption trust check: localHostTrusted = false, remoteHostTrusted = false
2020-04-29 19:59:10,386 INFO sasl.SaslDataTransferClient: SASL encryption trust check: localHostTrusted = false, remoteHostTrusted = false
2020-04-29 19:59:10,574 INFO sasl.SaslDataTransferClient: SASL encryption trust check: localHostTrusted = false, remoteHostTrusted = false
2020-04-29 19:59:10,581 INFO sasl.SaslDataTransferClient: SASL encryption trust check: localHostTrusted = false, remoteHostTrusted = false
2020-04-29 19:59:10,743 INFO sasl.SaslDataTransferClient: SASL encryption trust check: localHostTrusted = false, remoteHostTrusted = false
2020-04-29 19:59:10,911 INFO sasl.SaslDataTransferClient: SASL encryption trust check: localHostTrusted = false, remoteHostTrusted = false
2020-04-29 19:59:11,264 INFO sasl.SaslDataTransferClient: SASL encryption trust check: localHostTrusted = false, remoteHostTrusted = false
2020-04-29 19:59:11,428 INFO sasl.SaslDataTransferClient: SASL encryption trust check: localHostTrusted = false, remoteHostTrusted = false
2020-04-29 19:59:11,592 INFO sasl.SaslDataTransferClient: SASL encryption trust check: localHostTrusted = false, remoteHostTrusted = false
2020-04-29 19:59:11,598 INFO sasl.SaslDataTransferClient: SASL encryption trust check: localHostTrusted = false, remoteHostTrusted = false
2020-04-29 19:59:11,920 INFO sasl.SaslDataTransferClient: SASL encryption trust check: localHostTrusted = false, remoteHostTrusted = false
2020-04-29 19:59:11,924 INFO sasl.SaslDataTransferClient: SASL encryption trust check: localHostTrusted = false, remoteHostTrusted = false
2020-04-29 19:59:12,085 INFO sasl.SaslDataTransferClient: SASL encryption trust check: localHostTrusted = false, remoteHostTrusted = false
2020-04-29 19:59:12,091 INFO sasl.SaslDataTransferClient: SASL encryption trust check: localHostTrusted = false, remoteHostTrusted = false
2020-04-29 19:59:12,427 INFO sasl.SaslDataTransferClient: SASL encryption trust check: localHostTrusted = false, remoteHostTrusted = false
2020-04-29 19:59:12,591 INFO sasl.SaslDataTransferClient: SASL encryption trust check: localHostTrusted = false, remoteHostTrusted = false
2020-04-29 19:59:12,753 INFO sasl.SaslDataTransferClient: SASL encryption trust check: localHostTrusted = false, remoteHostTrusted = false
2020-04-29 19:59:12,930 INFO sasl.SaslDataTransferClient: SASL encryption trust check: localHostTrusted = false, remoteHostTrusted = false
2020-04-29 19:59:13,090 INFO sasl.SaslDataTransferClient: SASL encryption trust check: localHostTrusted = false, remoteHostTrusted = false
2020-04-29 19:59:13,253 INFO sasl.SaslDataTransferClient: SASL encryption trust check: localHostTrusted = false, remoteHostTrusted = false
2020-04-29 19:59:13,433 INFO sasl.SaslDataTransferClient: SASL encryption trust check: localHostTrusted = false, remoteHostTrusted = false
2020-04-29 19:59:13,593 INFO sasl.SaslDataTransferClient: SASL encryption trust check: localHostTrusted = false, remoteHostTrusted = false
2020-04-29 19:59:13,918 INFO sasl.SaslDataTransferClient: SASL encryption trust check: localHostTrusted = false, remoteHostTrusted = false
2020-04-29 19:59:13,923 INFO sasl.SaslDataTransferClient: SASL encryption trust check: localHostTrusted = false, remoteHostTrusted = false
2020-04-29 19:59:14,088 INFO sasl.SaslDataTransferClient: SASL encryption trust check: localHostTrusted = false, remoteHostTrusted = false
2020-04-29 19:59:14,093 INFO sasl.SaslDataTransferClient: SASL encryption trust check: localHostTrusted = false, remoteHostTrusted = false
2020-04-29 19:59:14,573 INFO sasl.SaslDataTransferClient: SASL encryption trust check: localHostTrusted = false, remoteHostTrusted = false
2020-04-29 19:59:14,914 INFO sasl.SaslDataTransferClient: SASL encryption trust check: localHostTrusted = false, remoteHostTrusted = false
2020-04-29 19:59:14,918 INFO sasl.SaslDataTransferClient: SASL encryption trust check: localHostTrusted = false, remoteHostTrusted = false
2020-04-29 19:59:15,082 INFO sasl.SaslDataTransferClient: SASL encryption trust check: localHostTrusted = false, remoteHostTrusted = false
2020-04-29 19:59:15,259 INFO sasl.SaslDataTransferClient: SASL encryption trust check: localHostTrusted = false, remoteHostTrusted = false
2020-04-29 19:59:15,434 INFO sasl.SaslDataTransferClient: SASL encryption trust check: localHostTrusted = false, remoteHostTrusted = false
2020-04-29 19:59:15,637 INFO sasl.SaslDataTransferClient: SASL encryption trust check: localHostTrusted = false, remoteHostTrusted = false
2020-04-29 19:59:15,821 INFO sasl.SaslDataTransferClient: SASL encryption trust check: localHostTrusted = false, remoteHostTrusted = false
2020-04-29 19:59:15,991 INFO sasl.SaslDataTransferClient: SASL encryption trust check: localHostTrusted = false, remoteHostTrusted = false
2020-04-29 19:59:16,158 INFO sasl.SaslDataTransferClient: SASL encryption trust check: localHostTrusted = false, remoteHostTrusted = false
2020-04-29 19:59:16,164 INFO sasl.SaslDataTransferClient: SASL encryption trust check: localHostTrusted = false, remoteHostTrusted = false
2020-04-29 19:59:16,330 INFO sasl.SaslDataTransferClient: SASL encryption trust check: localHostTrusted = false, remoteHostTrusted = false
2020-04-29 19:59:16,661 INFO sasl.SaslDataTransferClient: SASL encryption trust check: localHostTrusted = false, remoteHostTrusted = false
2020-04-29 19:59:16,821 INFO sasl.SaslDataTransferClient: SASL encryption trust check: localHostTrusted = false, remoteHostTrusted = false
2020-04-29 19:59:16,986 INFO sasl.SaslDataTransferClient: SASL encryption trust check: localHostTrusted = false, remoteHostTrusted = false
2020-04-29 19:59:17,141 INFO sasl.SaslDataTransferClient: SASL encryption trust check: localHostTrusted = false, remoteHostTrusted = false
2020-04-29 19:59:17,313 INFO sasl.SaslDataTransferClient: SASL encryption trust check: localHostTrusted = false, remoteHostTrusted = false
2020-04-29 19:59:17,478 INFO sasl.SaslDataTransferClient: SASL encryption trust check: localHostTrusted = false, remoteHostTrusted = false
2020-04-29 19:59:17,647 INFO sasl.SaslDataTransferClient: SASL encryption trust check: localHostTrusted = false, remoteHostTrusted = false
2020-04-29 19:59:17,652 INFO sasl.SaslDataTransferClient: SASL encryption trust check: localHostTrusted = false, remoteHostTrusted = false
2020-04-29 19:59:17,808 INFO sasl.SaslDataTransferClient: SASL encryption trust check: localHostTrusted = false, remoteHostTrusted = false
2020-04-29 19:59:17,813 INFO sasl.SaslDataTransferClient: SASL encryption trust check: localHostTrusted = false, remoteHostTrusted = false
2020-04-29 19:59:18,139 INFO sasl.SaslDataTransferClient: SASL encryption trust check: localHostTrusted = false, remoteHostTrusted = false
2020-04-29 19:59:18,464 INFO sasl.SaslDataTransferClient: SASL encryption trust check: localHostTrusted = false, remoteHostTrusted = false
2020-04-29 19:59:18,795 INFO sasl.SaslDataTransferClient: SASL encryption trust check: localHostTrusted = false, remoteHostTrusted = false
2020-04-29 19:59:18,801 INFO sasl.SaslDataTransferClient: SASL encryption trust check: localHostTrusted = false, remoteHostTrusted = false
2020-04-29 19:59:18,979 INFO sasl.SaslDataTransferClient: SASL encryption trust check: localHostTrusted = false, remoteHostTrusted = false
2020-04-29 19:59:18,984 INFO sasl.SaslDataTransferClient: SASL encryption trust check: localHostTrusted = false, remoteHostTrusted = false
2020-04-29 19:59:19,306 INFO sasl.SaslDataTransferClient: SASL encryption trust check: localHostTrusted = false, remoteHostTrusted = false
2020-04-29 19:59:19,492 INFO sasl.SaslDataTransferClient: SASL encryption trust check: localHostTrusted = false, remoteHostTrusted = false
2020-04-29 19:59:19,673 INFO sasl.SaslDataTransferClient: SASL encryption trust check: localHostTrusted = false, remoteHostTrusted = false
2020-04-29 19:59:19,863 INFO sasl.SaslDataTransferClient: SASL encryption trust check: localHostTrusted = false, remoteHostTrusted = false
2020-04-29 19:59:20,026 INFO sasl.SaslDataTransferClient: SASL encryption trust check: localHostTrusted = false, remoteHostTrusted = false
2020-04-29 19:59:20,102 INFO sasl.SaslDataTransferClient: SASL encryption trust check: localHostTrusted = false, remoteHostTrusted = false
2020-04-29 19:59:20,475 INFO sasl.SaslDataTransferClient: SASL encryption trust check: localHostTrusted = false, remoteHostTrusted = false
2020-04-29 19:59:20,643 INFO sasl.SaslDataTransferClient: SASL encryption trust check: localHostTrusted = false, remoteHostTrusted = false
2020-04-29 19:59:20,645 INFO partition.InputSampler: Using 1000 samples
2020-04-29 19:59:20,683 INFO zlib.ZlibFactory: Successfully loaded & initialized native-zlib library
2020-04-29 19:59:20,684 INFO compress.CodecPool: Got brand-new compressor [.deflate]
2020-04-29 19:59:20,719 INFO sasl.SaslDataTransferClient: SASL encryption trust check: localHostTrusted = false, remoteHostTrusted = false
2020-04-29 19:59:20,825 INFO client.RMProxy: Connecting to ResourceManager at /192.168.122.69:8032
2020-04-29 19:59:21,022 WARN mapreduce.JobResourceUploader: Hadoop command-line option parsing not performed. Implement the Tool interface and execute your application with ToolRunner to remedy this.
2020-04-29 19:59:21,032 INFO mapreduce.JobResourceUploader: Disabling Erasure Coding for path: /tmp/hadoop-yarn/staging/ubuntu/.staging/job_1588182388097_0010
2020-04-29 19:59:21,051 INFO sasl.SaslDataTransferClient: SASL encryption trust check: localHostTrusted = false, remoteHostTrusted = false
2020-04-29 19:59:21,493 INFO input.FileInputFormat: Total input files to process : 1
2020-04-29 19:59:21,519 INFO sasl.SaslDataTransferClient: SASL encryption trust check: localHostTrusted = false, remoteHostTrusted = false
2020-04-29 19:59:21,591 INFO sasl.SaslDataTransferClient: SASL encryption trust check: localHostTrusted = false, remoteHostTrusted = false
2020-04-29 19:59:21,602 INFO mapreduce.JobSubmitter: number of splits:239
2020-04-29 19:59:21,646 INFO Configuration.deprecation: mapred.textoutputformat.separator is deprecated. Instead, use mapreduce.output.textoutputformat.separator
2020-04-29 19:59:21,724 INFO sasl.SaslDataTransferClient: SASL encryption trust check: localHostTrusted = false, remoteHostTrusted = false
2020-04-29 19:59:21,748 INFO mapreduce.JobSubmitter: Submitting tokens for job: job_1588182388097_0010
2020-04-29 19:59:21,748 INFO mapreduce.JobSubmitter: Executing with tokens: []
2020-04-29 19:59:21,883 INFO conf.Configuration: resource-types.xml not found
2020-04-29 19:59:21,884 INFO resource.ResourceUtils: Unable to find 'resource-types.xml'.
2020-04-29 19:59:21,930 INFO impl.YarnClientImpl: Submitted application application_1588182388097_0010
2020-04-29 19:59:21,966 INFO mapreduce.Job: The url to track the job: http://namenode.local:8088/proxy/application_1588182388097_0010/
2020-04-29 19:59:21,967 INFO mapreduce.Job: Running job: job_1588182388097_0010
2020-04-29 19:59:27,065 INFO mapreduce.Job: Job job_1588182388097_0010 running in uber mode : false
2020-04-29 19:59:27,067 INFO mapreduce.Job:  map 0% reduce 0%
2020-04-29 19:59:39,222 INFO mapreduce.Job:  map 2% reduce 0%
2020-04-29 19:59:40,228 INFO mapreduce.Job:  map 3% reduce 0%
2020-04-29 19:59:43,250 INFO mapreduce.Job:  map 11% reduce 0%
2020-04-29 19:59:44,326 INFO mapreduce.Job:  map 13% reduce 0%
2020-04-29 19:59:50,362 INFO mapreduce.Job:  map 15% reduce 0%
2020-04-29 19:59:56,411 INFO mapreduce.Job:  map 18% reduce 0%
2020-04-29 19:59:57,417 INFO mapreduce.Job:  map 20% reduce 0%
2020-04-29 19:59:58,423 INFO mapreduce.Job:  map 22% reduce 0%
2020-04-29 19:59:59,433 INFO mapreduce.Job:  map 25% reduce 0%
2020-04-29 20:00:02,451 INFO mapreduce.Job:  map 26% reduce 0%
2020-04-29 20:00:06,480 INFO mapreduce.Job:  map 26% reduce 2%
2020-04-29 20:00:08,489 INFO mapreduce.Job:  map 26% reduce 7%
2020-04-29 20:00:09,494 INFO mapreduce.Job:  map 27% reduce 7%
2020-04-29 20:00:10,508 INFO mapreduce.Job:  map 29% reduce 7%
2020-04-29 20:00:11,517 INFO mapreduce.Job:  map 33% reduce 7%
2020-04-29 20:00:12,523 INFO mapreduce.Job:  map 35% reduce 7%
2020-04-29 20:00:13,529 INFO mapreduce.Job:  map 37% reduce 7%
2020-04-29 20:00:14,535 INFO mapreduce.Job:  map 37% reduce 9%
2020-04-29 20:00:15,540 INFO mapreduce.Job:  map 37% reduce 11%
2020-04-29 20:00:18,556 INFO mapreduce.Job:  map 37% reduce 12%
2020-04-29 20:00:19,565 INFO mapreduce.Job:  map 38% reduce 12%
2020-04-29 20:00:21,582 INFO mapreduce.Job:  map 38% reduce 13%
2020-04-29 20:00:23,593 INFO mapreduce.Job:  map 41% reduce 13%
2020-04-29 20:00:24,599 INFO mapreduce.Job:  map 44% reduce 13%
2020-04-29 20:00:25,605 INFO mapreduce.Job:  map 45% reduce 13%
2020-04-29 20:00:26,610 INFO mapreduce.Job:  map 48% reduce 14%
2020-04-29 20:00:28,620 INFO mapreduce.Job:  map 49% reduce 14%
2020-04-29 20:00:30,636 INFO mapreduce.Job:  map 49% reduce 15%
2020-04-29 20:00:32,649 INFO mapreduce.Job:  map 50% reduce 16%
2020-04-29 20:00:34,658 INFO mapreduce.Job:  map 51% reduce 16%
2020-04-29 20:00:35,663 INFO mapreduce.Job:  map 52% reduce 16%
2020-04-29 20:00:36,669 INFO mapreduce.Job:  map 53% reduce 17%
2020-04-29 20:00:37,679 INFO mapreduce.Job:  map 55% reduce 17%
2020-04-29 20:00:38,685 INFO mapreduce.Job:  map 56% reduce 18%
2020-04-29 20:00:39,691 INFO mapreduce.Job:  map 58% reduce 18%
2020-04-29 20:00:40,698 INFO mapreduce.Job:  map 59% reduce 18%
2020-04-29 20:00:41,703 INFO mapreduce.Job:  map 60% reduce 18%
2020-04-29 20:00:42,709 INFO mapreduce.Job:  map 61% reduce 19%
2020-04-29 20:00:43,716 INFO mapreduce.Job:  map 62% reduce 19%
2020-04-29 20:00:44,721 INFO mapreduce.Job:  map 62% reduce 20%
2020-04-29 20:00:47,741 INFO mapreduce.Job:  map 63% reduce 20%
2020-04-29 20:00:48,748 INFO mapreduce.Job:  map 64% reduce 21%
2020-04-29 20:00:49,753 INFO mapreduce.Job:  map 65% reduce 21%
2020-04-29 20:00:50,760 INFO mapreduce.Job:  map 67% reduce 21%
2020-04-29 20:00:51,766 INFO mapreduce.Job:  map 67% reduce 22%
2020-04-29 20:00:52,771 INFO mapreduce.Job:  map 68% reduce 22%
2020-04-29 20:00:54,784 INFO mapreduce.Job:  map 70% reduce 22%
2020-04-29 20:00:55,789 INFO mapreduce.Job:  map 73% reduce 22%
2020-04-29 20:00:56,793 INFO mapreduce.Job:  map 73% reduce 23%
2020-04-29 20:00:57,798 INFO mapreduce.Job:  map 74% reduce 24%
2020-04-29 20:01:00,814 INFO mapreduce.Job:  map 75% reduce 24%
2020-04-29 20:01:01,825 INFO mapreduce.Job:  map 76% reduce 24%
2020-04-29 20:01:02,829 INFO mapreduce.Job:  map 79% reduce 25%
2020-04-29 20:01:05,845 INFO mapreduce.Job:  map 80% reduce 25%
2020-04-29 20:01:06,853 INFO mapreduce.Job:  map 80% reduce 26%
2020-04-29 20:01:07,861 INFO mapreduce.Job:  map 81% reduce 26%
2020-04-29 20:01:08,866 INFO mapreduce.Job:  map 83% reduce 27%
2020-04-29 20:01:09,876 INFO mapreduce.Job:  map 85% reduce 27%
2020-04-29 20:01:10,880 INFO mapreduce.Job:  map 86% reduce 27%
2020-04-29 20:01:12,891 INFO mapreduce.Job:  map 87% reduce 27%
2020-04-29 20:01:13,897 INFO mapreduce.Job:  map 88% reduce 27%
2020-04-29 20:01:14,906 INFO mapreduce.Job:  map 89% reduce 29%
2020-04-29 20:01:15,915 INFO mapreduce.Job:  map 91% reduce 29%
2020-04-29 20:01:16,919 INFO mapreduce.Job:  map 92% reduce 29%
2020-04-29 20:01:18,928 INFO mapreduce.Job:  map 92% reduce 30%
2020-04-29 20:01:19,934 INFO mapreduce.Job:  map 93% reduce 30%
2020-04-29 20:01:20,944 INFO mapreduce.Job:  map 94% reduce 31%
2020-04-29 20:01:21,951 INFO mapreduce.Job:  map 97% reduce 31%
2020-04-29 20:01:24,968 INFO mapreduce.Job:  map 98% reduce 32%
2020-04-29 20:01:26,980 INFO mapreduce.Job:  map 100% reduce 32%
2020-04-29 20:01:27,984 INFO mapreduce.Job:  map 100% reduce 33%
2020-04-29 20:01:30,998 INFO mapreduce.Job:  map 100% reduce 42%
2020-04-29 20:01:33,008 INFO mapreduce.Job:  map 100% reduce 51%
2020-04-29 20:01:34,014 INFO mapreduce.Job:  map 100% reduce 60%
2020-04-29 20:01:37,037 INFO mapreduce.Job:  map 100% reduce 61%
2020-04-29 20:01:39,048 INFO mapreduce.Job:  map 100% reduce 67%
2020-04-29 20:01:40,054 INFO mapreduce.Job:  map 100% reduce 68%
2020-04-29 20:01:43,069 INFO mapreduce.Job:  map 100% reduce 69%
2020-04-29 20:01:45,077 INFO mapreduce.Job:  map 100% reduce 72%
2020-04-29 20:01:46,081 INFO mapreduce.Job:  map 100% reduce 73%
2020-04-29 20:01:49,093 INFO mapreduce.Job:  map 100% reduce 74%
2020-04-29 20:01:51,105 INFO mapreduce.Job:  map 100% reduce 76%
2020-04-29 20:01:52,116 INFO mapreduce.Job:  map 100% reduce 77%
2020-04-29 20:01:55,128 INFO mapreduce.Job:  map 100% reduce 78%
2020-04-29 20:01:57,136 INFO mapreduce.Job:  map 100% reduce 79%
2020-04-29 20:01:58,141 INFO mapreduce.Job:  map 100% reduce 81%
2020-04-29 20:02:01,157 INFO mapreduce.Job:  map 100% reduce 82%
2020-04-29 20:02:03,166 INFO mapreduce.Job:  map 100% reduce 84%
2020-04-29 20:02:04,170 INFO mapreduce.Job:  map 100% reduce 85%
2020-04-29 20:02:07,184 INFO mapreduce.Job:  map 100% reduce 86%
2020-04-29 20:02:09,193 INFO mapreduce.Job:  map 100% reduce 88%
2020-04-29 20:02:10,199 INFO mapreduce.Job:  map 100% reduce 89%
2020-04-29 20:02:13,212 INFO mapreduce.Job:  map 100% reduce 90%
2020-04-29 20:02:14,216 INFO mapreduce.Job:  map 100% reduce 91%
2020-04-29 20:02:15,221 INFO mapreduce.Job:  map 100% reduce 93%
2020-04-29 20:02:19,249 INFO mapreduce.Job:  map 100% reduce 94%
2020-04-29 20:02:21,261 INFO mapreduce.Job:  map 100% reduce 96%
2020-04-29 20:02:27,289 INFO mapreduce.Job:  map 100% reduce 99%
2020-04-29 20:02:33,327 INFO mapreduce.Job:  map 100% reduce 100%
2020-04-29 20:02:34,347 INFO mapreduce.Job: Job job_1588182388097_0010 completed successfully
2020-04-29 20:02:34,536 INFO mapreduce.Job: Counters: 56
	File System Counters
		FILE: Number of bytes read=18179358684
		FILE: Number of bytes written=34554365386
		FILE: Number of read operations=0
		FILE: Number of large read operations=0
		FILE: Number of write operations=0
		HDFS: Number of bytes read=16031336863
		HDFS: Number of bytes written=16000000000
		HDFS: Number of read operations=1215
		HDFS: Number of large read operations=0
		HDFS: Number of write operations=8
		HDFS: Number of bytes read erasure-coded=0
	Job Counters 
		Killed map tasks=1
		Launched map tasks=239
		Launched reduce tasks=4
		Data-local map tasks=234
		Rack-local map tasks=5
		Total time spent by all maps in occupied slots (ms)=2624856
		Total time spent by all reduces in occupied slots (ms)=608054
		Total time spent by all map tasks (ms)=2624856
		Total time spent by all reduce tasks (ms)=608054
		Total vcore-milliseconds taken by all map tasks=2624856
		Total vcore-milliseconds taken by all reduce tasks=608054
		Total megabyte-milliseconds taken by all map tasks=2687852544
		Total megabyte-milliseconds taken by all reduce tasks=622647296
	Map-Reduce Framework
		Map input records=160000000
		Map output records=160000000
		Map output bytes=16000000000
		Map output materialized bytes=16320005736
		Input split bytes=28441
		Combine input records=0
		Combine output records=0
		Reduce input groups=160000000
		Reduce shuffle bytes=16320005736
		Reduce input records=160000000
		Reduce output records=160000000
		Spilled Records=338229004
		Shuffled Maps =956
		Failed Shuffles=0
		Merged Map outputs=956
		GC time elapsed (ms)=47718
		CPU time spent (ms)=1095920
		Physical memory (bytes) snapshot=116587409408
		Virtual memory (bytes) snapshot=630520766464
		Total committed heap usage (bytes)=106679500800
		Peak Map Physical memory (bytes)=491773952
		Peak Map Virtual memory (bytes)=2605256704
		Peak Reduce Physical memory (bytes)=1011949568
		Peak Reduce Virtual memory (bytes)=2635284480
	Shuffle Errors
		BAD_ID=0
		CONNECTION=0
		IO_ERROR=0
		WRONG_LENGTH=0
		WRONG_MAP=0
		WRONG_REDUCE=0
	File Input Format Counters 
		Bytes Read=16031195136
	File Output Format Counters 
		Bytes Written=16000000000
Total time to sort data on hadoop: 211.92 seconds

Valsort
./valsort -o part-r-00000.sum part-r-00000
Records: 42098548
Checksum: 122a686e99237ce
Duplicate keys: 0
SUCCESS - all records are in order
./valsort -o part-r-00001.sum part-r-00001
Records: 41991640
Checksum: 1405a74a182e15e
Duplicate keys: 0
SUCCESS - all records are in order
./valsort -o part-r-00002.sum part-r-00002
Records: 40253034
Checksum: 133189ca9469c08
Duplicate keys: 0
SUCCESS - all records are in order
./valsort -o part-r-00003.sum part-r-00003
Records: 41656778
Checksum: 12e8b70186a8b08
Duplicate keys: 0
SUCCESS - all records are in order
cat part-r-00000.sum part-r-00001.sum part-r-00002.sum part-r-00003.sum
./valsort -s all.sum
Records: 171798691
Checksum: 51ea5e584e0bcd3
Duplicate keys: 0
SUCCESS - all records are in order

