2020-05-02 02:12:23,620 INFO input.FileInputFormat: Total input files to process : 1
2020-05-02 02:12:23,723 INFO sasl.SaslDataTransferClient: SASL encryption trust check: localHostTrusted = false, remoteHostTrusted = false
2020-05-02 02:12:24,167 INFO sasl.SaslDataTransferClient: SASL encryption trust check: localHostTrusted = false, remoteHostTrusted = false
2020-05-02 02:12:24,249 INFO sasl.SaslDataTransferClient: SASL encryption trust check: localHostTrusted = false, remoteHostTrusted = false
2020-05-02 02:12:24,479 INFO sasl.SaslDataTransferClient: SASL encryption trust check: localHostTrusted = false, remoteHostTrusted = false
2020-05-02 02:12:24,659 INFO sasl.SaslDataTransferClient: SASL encryption trust check: localHostTrusted = false, remoteHostTrusted = false
2020-05-02 02:12:24,844 INFO sasl.SaslDataTransferClient: SASL encryption trust check: localHostTrusted = false, remoteHostTrusted = false
2020-05-02 02:12:25,076 INFO sasl.SaslDataTransferClient: SASL encryption trust check: localHostTrusted = false, remoteHostTrusted = false
2020-05-02 02:12:25,362 INFO sasl.SaslDataTransferClient: SASL encryption trust check: localHostTrusted = false, remoteHostTrusted = false
2020-05-02 02:12:25,587 INFO sasl.SaslDataTransferClient: SASL encryption trust check: localHostTrusted = false, remoteHostTrusted = false
2020-05-02 02:12:25,914 INFO sasl.SaslDataTransferClient: SASL encryption trust check: localHostTrusted = false, remoteHostTrusted = false
2020-05-02 02:12:26,098 INFO sasl.SaslDataTransferClient: SASL encryption trust check: localHostTrusted = false, remoteHostTrusted = false
2020-05-02 02:12:26,292 INFO sasl.SaslDataTransferClient: SASL encryption trust check: localHostTrusted = false, remoteHostTrusted = false
2020-05-02 02:12:26,479 INFO sasl.SaslDataTransferClient: SASL encryption trust check: localHostTrusted = false, remoteHostTrusted = false
2020-05-02 02:12:26,490 INFO sasl.SaslDataTransferClient: SASL encryption trust check: localHostTrusted = false, remoteHostTrusted = false
2020-05-02 02:12:26,667 INFO sasl.SaslDataTransferClient: SASL encryption trust check: localHostTrusted = false, remoteHostTrusted = false
2020-05-02 02:12:26,680 INFO sasl.SaslDataTransferClient: SASL encryption trust check: localHostTrusted = false, remoteHostTrusted = false
2020-05-02 02:12:26,862 INFO sasl.SaslDataTransferClient: SASL encryption trust check: localHostTrusted = false, remoteHostTrusted = false
2020-05-02 02:12:27,041 INFO sasl.SaslDataTransferClient: SASL encryption trust check: localHostTrusted = false, remoteHostTrusted = false
2020-05-02 02:12:27,395 INFO sasl.SaslDataTransferClient: SASL encryption trust check: localHostTrusted = false, remoteHostTrusted = false
2020-05-02 02:12:27,408 INFO sasl.SaslDataTransferClient: SASL encryption trust check: localHostTrusted = false, remoteHostTrusted = false
2020-05-02 02:12:27,780 INFO sasl.SaslDataTransferClient: SASL encryption trust check: localHostTrusted = false, remoteHostTrusted = false
2020-05-02 02:12:27,964 INFO sasl.SaslDataTransferClient: SASL encryption trust check: localHostTrusted = false, remoteHostTrusted = false
2020-05-02 02:12:28,154 INFO sasl.SaslDataTransferClient: SASL encryption trust check: localHostTrusted = false, remoteHostTrusted = false
2020-05-02 02:12:28,358 INFO sasl.SaslDataTransferClient: SASL encryption trust check: localHostTrusted = false, remoteHostTrusted = false
2020-05-02 02:12:28,375 INFO sasl.SaslDataTransferClient: SASL encryption trust check: localHostTrusted = false, remoteHostTrusted = false
2020-05-02 02:12:28,927 INFO sasl.SaslDataTransferClient: SASL encryption trust check: localHostTrusted = false, remoteHostTrusted = false
2020-05-02 02:12:29,110 INFO sasl.SaslDataTransferClient: SASL encryption trust check: localHostTrusted = false, remoteHostTrusted = false
2020-05-02 02:12:29,288 INFO sasl.SaslDataTransferClient: SASL encryption trust check: localHostTrusted = false, remoteHostTrusted = false
2020-05-02 02:12:29,453 INFO sasl.SaslDataTransferClient: SASL encryption trust check: localHostTrusted = false, remoteHostTrusted = false
2020-05-02 02:12:29,807 INFO sasl.SaslDataTransferClient: SASL encryption trust check: localHostTrusted = false, remoteHostTrusted = false
2020-05-02 02:12:29,818 INFO sasl.SaslDataTransferClient: SASL encryption trust check: localHostTrusted = false, remoteHostTrusted = false
2020-05-02 02:12:29,989 INFO sasl.SaslDataTransferClient: SASL encryption trust check: localHostTrusted = false, remoteHostTrusted = false
2020-05-02 02:12:30,153 INFO sasl.SaslDataTransferClient: SASL encryption trust check: localHostTrusted = false, remoteHostTrusted = false
2020-05-02 02:12:30,328 INFO sasl.SaslDataTransferClient: SASL encryption trust check: localHostTrusted = false, remoteHostTrusted = false
2020-05-02 02:12:30,338 INFO sasl.SaslDataTransferClient: SASL encryption trust check: localHostTrusted = false, remoteHostTrusted = false
2020-05-02 02:12:30,499 INFO sasl.SaslDataTransferClient: SASL encryption trust check: localHostTrusted = false, remoteHostTrusted = false
2020-05-02 02:12:30,676 INFO sasl.SaslDataTransferClient: SASL encryption trust check: localHostTrusted = false, remoteHostTrusted = false
2020-05-02 02:12:30,843 INFO sasl.SaslDataTransferClient: SASL encryption trust check: localHostTrusted = false, remoteHostTrusted = false
2020-05-02 02:12:30,854 INFO sasl.SaslDataTransferClient: SASL encryption trust check: localHostTrusted = false, remoteHostTrusted = false
2020-05-02 02:12:31,205 INFO sasl.SaslDataTransferClient: SASL encryption trust check: localHostTrusted = false, remoteHostTrusted = false
2020-05-02 02:12:31,394 INFO sasl.SaslDataTransferClient: SASL encryption trust check: localHostTrusted = false, remoteHostTrusted = false
2020-05-02 02:12:31,754 INFO sasl.SaslDataTransferClient: SASL encryption trust check: localHostTrusted = false, remoteHostTrusted = false
2020-05-02 02:12:31,942 INFO sasl.SaslDataTransferClient: SASL encryption trust check: localHostTrusted = false, remoteHostTrusted = false
2020-05-02 02:12:32,121 INFO sasl.SaslDataTransferClient: SASL encryption trust check: localHostTrusted = false, remoteHostTrusted = false
2020-05-02 02:12:32,329 INFO sasl.SaslDataTransferClient: SASL encryption trust check: localHostTrusted = false, remoteHostTrusted = false
2020-05-02 02:12:32,507 INFO sasl.SaslDataTransferClient: SASL encryption trust check: localHostTrusted = false, remoteHostTrusted = false
2020-05-02 02:12:32,518 INFO sasl.SaslDataTransferClient: SASL encryption trust check: localHostTrusted = false, remoteHostTrusted = false
2020-05-02 02:12:32,682 INFO sasl.SaslDataTransferClient: SASL encryption trust check: localHostTrusted = false, remoteHostTrusted = false
2020-05-02 02:12:33,004 INFO sasl.SaslDataTransferClient: SASL encryption trust check: localHostTrusted = false, remoteHostTrusted = false
2020-05-02 02:12:33,012 INFO sasl.SaslDataTransferClient: SASL encryption trust check: localHostTrusted = false, remoteHostTrusted = false
2020-05-02 02:12:33,197 INFO sasl.SaslDataTransferClient: SASL encryption trust check: localHostTrusted = false, remoteHostTrusted = false
2020-05-02 02:12:33,555 INFO sasl.SaslDataTransferClient: SASL encryption trust check: localHostTrusted = false, remoteHostTrusted = false
2020-05-02 02:12:33,745 INFO sasl.SaslDataTransferClient: SASL encryption trust check: localHostTrusted = false, remoteHostTrusted = false
2020-05-02 02:12:33,931 INFO sasl.SaslDataTransferClient: SASL encryption trust check: localHostTrusted = false, remoteHostTrusted = false
2020-05-02 02:12:33,943 INFO sasl.SaslDataTransferClient: SASL encryption trust check: localHostTrusted = false, remoteHostTrusted = false
2020-05-02 02:12:34,118 INFO sasl.SaslDataTransferClient: SASL encryption trust check: localHostTrusted = false, remoteHostTrusted = false
2020-05-02 02:12:34,286 INFO sasl.SaslDataTransferClient: SASL encryption trust check: localHostTrusted = false, remoteHostTrusted = false
2020-05-02 02:12:34,634 INFO sasl.SaslDataTransferClient: SASL encryption trust check: localHostTrusted = false, remoteHostTrusted = false
2020-05-02 02:12:34,794 INFO sasl.SaslDataTransferClient: SASL encryption trust check: localHostTrusted = false, remoteHostTrusted = false
2020-05-02 02:12:34,961 INFO sasl.SaslDataTransferClient: SASL encryption trust check: localHostTrusted = false, remoteHostTrusted = false
2020-05-02 02:12:34,971 INFO sasl.SaslDataTransferClient: SASL encryption trust check: localHostTrusted = false, remoteHostTrusted = false
2020-05-02 02:12:35,127 INFO sasl.SaslDataTransferClient: SASL encryption trust check: localHostTrusted = false, remoteHostTrusted = false
2020-05-02 02:12:35,294 INFO sasl.SaslDataTransferClient: SASL encryption trust check: localHostTrusted = false, remoteHostTrusted = false
2020-05-02 02:12:35,655 INFO sasl.SaslDataTransferClient: SASL encryption trust check: localHostTrusted = false, remoteHostTrusted = false
2020-05-02 02:12:35,813 INFO sasl.SaslDataTransferClient: SASL encryption trust check: localHostTrusted = false, remoteHostTrusted = false
2020-05-02 02:12:35,827 INFO sasl.SaslDataTransferClient: SASL encryption trust check: localHostTrusted = false, remoteHostTrusted = false
2020-05-02 02:12:35,992 INFO sasl.SaslDataTransferClient: SASL encryption trust check: localHostTrusted = false, remoteHostTrusted = false
2020-05-02 02:12:36,008 INFO sasl.SaslDataTransferClient: SASL encryption trust check: localHostTrusted = false, remoteHostTrusted = false
2020-05-02 02:12:36,548 INFO sasl.SaslDataTransferClient: SASL encryption trust check: localHostTrusted = false, remoteHostTrusted = false
2020-05-02 02:12:36,716 INFO sasl.SaslDataTransferClient: SASL encryption trust check: localHostTrusted = false, remoteHostTrusted = false
2020-05-02 02:12:36,905 INFO sasl.SaslDataTransferClient: SASL encryption trust check: localHostTrusted = false, remoteHostTrusted = false
2020-05-02 02:12:37,085 INFO sasl.SaslDataTransferClient: SASL encryption trust check: localHostTrusted = false, remoteHostTrusted = false
2020-05-02 02:12:37,245 INFO sasl.SaslDataTransferClient: SASL encryption trust check: localHostTrusted = false, remoteHostTrusted = false
2020-05-02 02:12:37,428 INFO sasl.SaslDataTransferClient: SASL encryption trust check: localHostTrusted = false, remoteHostTrusted = false
2020-05-02 02:12:37,438 INFO sasl.SaslDataTransferClient: SASL encryption trust check: localHostTrusted = false, remoteHostTrusted = false
2020-05-02 02:12:37,815 INFO sasl.SaslDataTransferClient: SASL encryption trust check: localHostTrusted = false, remoteHostTrusted = false
2020-05-02 02:12:37,984 INFO sasl.SaslDataTransferClient: SASL encryption trust check: localHostTrusted = false, remoteHostTrusted = false
2020-05-02 02:12:38,147 INFO sasl.SaslDataTransferClient: SASL encryption trust check: localHostTrusted = false, remoteHostTrusted = false
2020-05-02 02:12:38,157 INFO sasl.SaslDataTransferClient: SASL encryption trust check: localHostTrusted = false, remoteHostTrusted = false
2020-05-02 02:12:38,323 INFO sasl.SaslDataTransferClient: SASL encryption trust check: localHostTrusted = false, remoteHostTrusted = false
2020-05-02 02:12:38,520 INFO sasl.SaslDataTransferClient: SASL encryption trust check: localHostTrusted = false, remoteHostTrusted = false
2020-05-02 02:12:38,675 INFO sasl.SaslDataTransferClient: SASL encryption trust check: localHostTrusted = false, remoteHostTrusted = false
2020-05-02 02:12:38,686 INFO sasl.SaslDataTransferClient: SASL encryption trust check: localHostTrusted = false, remoteHostTrusted = false
2020-05-02 02:12:38,859 INFO sasl.SaslDataTransferClient: SASL encryption trust check: localHostTrusted = false, remoteHostTrusted = false
2020-05-02 02:12:39,174 INFO sasl.SaslDataTransferClient: SASL encryption trust check: localHostTrusted = false, remoteHostTrusted = false
2020-05-02 02:12:39,183 INFO sasl.SaslDataTransferClient: SASL encryption trust check: localHostTrusted = false, remoteHostTrusted = false
2020-05-02 02:12:39,506 INFO sasl.SaslDataTransferClient: SASL encryption trust check: localHostTrusted = false, remoteHostTrusted = false
2020-05-02 02:12:39,862 INFO sasl.SaslDataTransferClient: SASL encryption trust check: localHostTrusted = false, remoteHostTrusted = false
2020-05-02 02:12:40,044 INFO sasl.SaslDataTransferClient: SASL encryption trust check: localHostTrusted = false, remoteHostTrusted = false
2020-05-02 02:12:40,054 INFO sasl.SaslDataTransferClient: SASL encryption trust check: localHostTrusted = false, remoteHostTrusted = false
2020-05-02 02:12:40,384 INFO sasl.SaslDataTransferClient: SASL encryption trust check: localHostTrusted = false, remoteHostTrusted = false
2020-05-02 02:12:40,551 INFO sasl.SaslDataTransferClient: SASL encryption trust check: localHostTrusted = false, remoteHostTrusted = false
2020-05-02 02:12:40,559 INFO sasl.SaslDataTransferClient: SASL encryption trust check: localHostTrusted = false, remoteHostTrusted = false
2020-05-02 02:12:40,721 INFO sasl.SaslDataTransferClient: SASL encryption trust check: localHostTrusted = false, remoteHostTrusted = false
2020-05-02 02:12:40,916 INFO sasl.SaslDataTransferClient: SASL encryption trust check: localHostTrusted = false, remoteHostTrusted = false
2020-05-02 02:12:41,083 INFO sasl.SaslDataTransferClient: SASL encryption trust check: localHostTrusted = false, remoteHostTrusted = false
2020-05-02 02:12:41,254 INFO sasl.SaslDataTransferClient: SASL encryption trust check: localHostTrusted = false, remoteHostTrusted = false
2020-05-02 02:12:41,437 INFO sasl.SaslDataTransferClient: SASL encryption trust check: localHostTrusted = false, remoteHostTrusted = false
2020-05-02 02:12:41,770 INFO sasl.SaslDataTransferClient: SASL encryption trust check: localHostTrusted = false, remoteHostTrusted = false
2020-05-02 02:12:41,970 INFO sasl.SaslDataTransferClient: SASL encryption trust check: localHostTrusted = false, remoteHostTrusted = false
2020-05-02 02:12:42,160 INFO sasl.SaslDataTransferClient: SASL encryption trust check: localHostTrusted = false, remoteHostTrusted = false
2020-05-02 02:12:42,167 INFO sasl.SaslDataTransferClient: SASL encryption trust check: localHostTrusted = false, remoteHostTrusted = false
2020-05-02 02:12:42,342 INFO partition.InputSampler: Using 1000 samples
2020-05-02 02:12:42,407 INFO zlib.ZlibFactory: Successfully loaded & initialized native-zlib library
2020-05-02 02:12:42,407 INFO compress.CodecPool: Got brand-new compressor [.deflate]
2020-05-02 02:12:42,454 INFO sasl.SaslDataTransferClient: SASL encryption trust check: localHostTrusted = false, remoteHostTrusted = false
2020-05-02 02:12:42,606 INFO client.RMProxy: Connecting to ResourceManager at /192.168.122.251:8032
2020-05-02 02:12:42,880 WARN mapreduce.JobResourceUploader: Hadoop command-line option parsing not performed. Implement the Tool interface and execute your application with ToolRunner to remedy this.
2020-05-02 02:12:42,901 INFO mapreduce.JobResourceUploader: Disabling Erasure Coding for path: /tmp/hadoop-yarn/staging/ubuntu/.staging/job_1588384847777_0001
2020-05-02 02:12:42,929 INFO sasl.SaslDataTransferClient: SASL encryption trust check: localHostTrusted = false, remoteHostTrusted = false
2020-05-02 02:12:43,401 INFO input.FileInputFormat: Total input files to process : 1
2020-05-02 02:12:43,438 INFO sasl.SaslDataTransferClient: SASL encryption trust check: localHostTrusted = false, remoteHostTrusted = false
2020-05-02 02:12:43,794 INFO sasl.SaslDataTransferClient: SASL encryption trust check: localHostTrusted = false, remoteHostTrusted = false
2020-05-02 02:12:43,806 INFO mapreduce.JobSubmitter: number of splits:477
2020-05-02 02:12:43,869 INFO Configuration.deprecation: mapred.textoutputformat.separator is deprecated. Instead, use mapreduce.output.textoutputformat.separator
2020-05-02 02:12:43,960 INFO sasl.SaslDataTransferClient: SASL encryption trust check: localHostTrusted = false, remoteHostTrusted = false
2020-05-02 02:12:43,980 INFO mapreduce.JobSubmitter: Submitting tokens for job: job_1588384847777_0001
2020-05-02 02:12:43,980 INFO mapreduce.JobSubmitter: Executing with tokens: []
2020-05-02 02:12:44,116 INFO conf.Configuration: resource-types.xml not found
2020-05-02 02:12:44,116 INFO resource.ResourceUtils: Unable to find 'resource-types.xml'.
2020-05-02 02:12:44,409 INFO impl.YarnClientImpl: Submitted application application_1588384847777_0001
2020-05-02 02:12:44,452 INFO mapreduce.Job: The url to track the job: http://namenode.local:8088/proxy/application_1588384847777_0001/
2020-05-02 02:12:44,452 INFO mapreduce.Job: Running job: job_1588384847777_0001
2020-05-02 02:12:51,581 INFO mapreduce.Job: Job job_1588384847777_0001 running in uber mode : false
2020-05-02 02:12:51,584 INFO mapreduce.Job:  map 0% reduce 0%
2020-05-02 02:13:03,774 INFO mapreduce.Job:  map 1% reduce 0%
2020-05-02 02:13:08,819 INFO mapreduce.Job:  map 3% reduce 0%
2020-05-02 02:13:09,830 INFO mapreduce.Job:  map 6% reduce 0%
2020-05-02 02:13:13,854 INFO mapreduce.Job:  map 7% reduce 0%
2020-05-02 02:13:14,860 INFO mapreduce.Job:  map 8% reduce 0%
2020-05-02 02:13:23,912 INFO mapreduce.Job:  map 10% reduce 0%
2020-05-02 02:13:24,918 INFO mapreduce.Job:  map 12% reduce 0%
2020-05-02 02:13:25,922 INFO mapreduce.Job:  map 13% reduce 0%
2020-05-02 02:13:26,928 INFO mapreduce.Job:  map 14% reduce 0%
2020-05-02 02:13:30,949 INFO mapreduce.Job:  map 14% reduce 1%
2020-05-02 02:13:34,972 INFO mapreduce.Job:  map 15% reduce 1%
2020-05-02 02:13:37,984 INFO mapreduce.Job:  map 15% reduce 2%
2020-05-02 02:13:38,990 INFO mapreduce.Job:  map 17% reduce 2%
2020-05-02 02:13:39,997 INFO mapreduce.Job:  map 18% reduce 2%
2020-05-02 02:13:41,005 INFO mapreduce.Job:  map 19% reduce 2%
2020-05-02 02:13:43,015 INFO mapreduce.Job:  map 19% reduce 3%
2020-05-02 02:13:45,027 INFO mapreduce.Job:  map 20% reduce 4%
2020-05-02 02:13:49,051 INFO mapreduce.Job:  map 20% reduce 6%
2020-05-02 02:13:50,057 INFO mapreduce.Job:  map 21% reduce 6%
2020-05-02 02:13:51,062 INFO mapreduce.Job:  map 21% reduce 7%
2020-05-02 02:13:52,068 INFO mapreduce.Job:  map 22% reduce 7%
2020-05-02 02:13:53,078 INFO mapreduce.Job:  map 23% reduce 7%
2020-05-02 02:13:56,096 INFO mapreduce.Job:  map 25% reduce 7%
2020-05-02 02:13:57,728 INFO mapreduce.Job:  map 26% reduce 8%
2020-05-02 02:14:03,758 INFO mapreduce.Job:  map 26% reduce 9%
2020-05-02 02:14:04,762 INFO mapreduce.Job:  map 27% reduce 9%
2020-05-02 02:14:06,780 INFO mapreduce.Job:  map 29% reduce 9%
2020-05-02 02:14:08,790 INFO mapreduce.Job:  map 30% reduce 9%
2020-05-02 02:14:12,812 INFO mapreduce.Job:  map 30% reduce 10%
2020-05-02 02:14:13,819 INFO mapreduce.Job:  map 31% reduce 10%
2020-05-02 02:14:14,824 INFO mapreduce.Job:  map 32% reduce 10%
2020-05-02 02:14:18,855 INFO mapreduce.Job:  map 33% reduce 11%
2020-05-02 02:14:19,859 INFO mapreduce.Job:  map 34% reduce 11%
2020-05-02 02:14:20,865 INFO mapreduce.Job:  map 35% reduce 11%
2020-05-02 02:14:21,877 INFO mapreduce.Job:  map 36% reduce 11%
2020-05-02 02:14:24,905 INFO mapreduce.Job:  map 36% reduce 12%
2020-05-02 02:14:28,924 INFO mapreduce.Job:  map 37% reduce 12%
2020-05-02 02:14:29,934 INFO mapreduce.Job:  map 39% reduce 12%
2020-05-02 02:14:31,943 INFO mapreduce.Job:  map 39% reduce 13%
2020-05-02 02:14:32,947 INFO mapreduce.Job:  map 40% reduce 13%
2020-05-02 02:14:33,951 INFO mapreduce.Job:  map 41% reduce 13%
2020-05-02 02:14:35,961 INFO mapreduce.Job:  map 42% reduce 13%
2020-05-02 02:14:37,973 INFO mapreduce.Job:  map 42% reduce 14%
2020-05-02 02:14:40,990 INFO mapreduce.Job:  map 43% reduce 14%
2020-05-02 02:14:44,005 INFO mapreduce.Job:  map 45% reduce 14%
2020-05-02 02:14:47,021 INFO mapreduce.Job:  map 46% reduce 14%
2020-05-02 02:14:48,027 INFO mapreduce.Job:  map 47% reduce 14%
2020-05-02 02:14:49,036 INFO mapreduce.Job:  map 48% reduce 15%
2020-05-02 02:14:51,046 INFO mapreduce.Job:  map 48% reduce 16%
2020-05-02 02:14:56,071 INFO mapreduce.Job:  map 49% reduce 16%
2020-05-02 02:14:57,076 INFO mapreduce.Job:  map 50% reduce 16%
2020-05-02 02:15:00,094 INFO mapreduce.Job:  map 51% reduce 16%
2020-05-02 02:15:01,100 INFO mapreduce.Job:  map 52% reduce 17%
2020-05-02 02:15:02,106 INFO mapreduce.Job:  map 53% reduce 17%
2020-05-02 02:15:04,116 INFO mapreduce.Job:  map 54% reduce 17%
2020-05-02 02:15:06,125 INFO mapreduce.Job:  map 55% reduce 17%
2020-05-02 02:15:07,130 INFO mapreduce.Job:  map 55% reduce 18%
2020-05-02 02:15:09,139 INFO mapreduce.Job:  map 56% reduce 18%
2020-05-02 02:15:14,158 INFO mapreduce.Job:  map 56% reduce 19%
2020-05-02 02:15:15,164 INFO mapreduce.Job:  map 58% reduce 19%
2020-05-02 02:15:16,168 INFO mapreduce.Job:  map 59% reduce 19%
2020-05-02 02:15:18,177 INFO mapreduce.Job:  map 60% reduce 19%
2020-05-02 02:15:20,189 INFO mapreduce.Job:  map 60% reduce 20%
2020-05-02 02:15:22,205 INFO mapreduce.Job:  map 61% reduce 20%
2020-05-02 02:15:24,215 INFO mapreduce.Job:  map 62% reduce 20%
2020-05-02 02:15:27,230 INFO mapreduce.Job:  map 63% reduce 21%
2020-05-02 02:15:28,243 INFO mapreduce.Job:  map 64% reduce 21%
2020-05-02 02:15:30,258 INFO mapreduce.Job:  map 65% reduce 21%
2020-05-02 02:15:33,272 INFO mapreduce.Job:  map 65% reduce 22%
2020-05-02 02:15:34,277 INFO mapreduce.Job:  map 66% reduce 22%
2020-05-02 02:15:35,285 INFO mapreduce.Job:  map 68% reduce 22%
2020-05-02 02:15:41,310 INFO mapreduce.Job:  map 69% reduce 22%
2020-05-02 02:15:42,314 INFO mapreduce.Job:  map 70% reduce 22%
2020-05-02 02:15:43,322 INFO mapreduce.Job:  map 71% reduce 23%
2020-05-02 02:15:46,334 INFO mapreduce.Job:  map 72% reduce 23%
2020-05-02 02:15:47,339 INFO mapreduce.Job:  map 73% reduce 23%
2020-05-02 02:15:49,346 INFO mapreduce.Job:  map 73% reduce 24%
2020-05-02 02:15:50,351 INFO mapreduce.Job:  map 74% reduce 24%
2020-05-02 02:15:53,365 INFO mapreduce.Job:  map 75% reduce 24%
2020-05-02 02:15:55,381 INFO mapreduce.Job:  map 75% reduce 25%
2020-05-02 02:15:56,385 INFO mapreduce.Job:  map 76% reduce 25%
2020-05-02 02:15:58,399 INFO mapreduce.Job:  map 78% reduce 25%
2020-05-02 02:16:01,410 INFO mapreduce.Job:  map 78% reduce 26%
2020-05-02 02:16:02,415 INFO mapreduce.Job:  map 79% reduce 26%
2020-05-02 02:16:04,428 INFO mapreduce.Job:  map 80% reduce 26%
2020-05-02 02:16:05,434 INFO mapreduce.Job:  map 81% reduce 26%
2020-05-02 02:16:08,456 INFO mapreduce.Job:  map 81% reduce 27%
2020-05-02 02:16:10,466 INFO mapreduce.Job:  map 82% reduce 27%
2020-05-02 02:16:12,475 INFO mapreduce.Job:  map 83% reduce 27%
2020-05-02 02:16:13,479 INFO mapreduce.Job:  map 84% reduce 27%
2020-05-02 02:16:14,483 INFO mapreduce.Job:  map 85% reduce 28%
2020-05-02 02:16:17,494 INFO mapreduce.Job:  map 86% reduce 28%
2020-05-02 02:16:20,511 INFO mapreduce.Job:  map 86% reduce 29%
2020-05-02 02:16:21,516 INFO mapreduce.Job:  map 87% reduce 29%
2020-05-02 02:16:22,520 INFO mapreduce.Job:  map 88% reduce 29%
2020-05-02 02:16:24,528 INFO mapreduce.Job:  map 89% reduce 29%
2020-05-02 02:16:27,541 INFO mapreduce.Job:  map 89% reduce 30%
2020-05-02 02:16:28,551 INFO mapreduce.Job:  map 90% reduce 30%
2020-05-02 02:16:29,554 INFO mapreduce.Job:  map 91% reduce 30%
2020-05-02 02:16:33,821 INFO mapreduce.Job:  map 92% reduce 30%
2020-05-02 02:16:34,825 INFO mapreduce.Job:  map 93% reduce 30%
2020-05-02 02:16:37,837 INFO mapreduce.Job:  map 93% reduce 31%
2020-05-02 02:16:38,841 INFO mapreduce.Job:  map 94% reduce 31%
2020-05-02 02:16:41,856 INFO mapreduce.Job:  map 95% reduce 31%
2020-05-02 02:16:42,860 INFO mapreduce.Job:  map 96% reduce 31%
2020-05-02 02:16:44,868 INFO mapreduce.Job:  map 96% reduce 32%
2020-05-02 02:16:48,886 INFO mapreduce.Job:  map 97% reduce 32%
2020-05-02 02:16:55,918 INFO mapreduce.Job:  map 99% reduce 32%
2020-05-02 02:16:57,928 INFO mapreduce.Job:  map 99% reduce 33%
2020-05-02 02:16:58,933 INFO mapreduce.Job:  map 100% reduce 33%
2020-05-02 02:17:07,980 INFO mapreduce.Job:  map 100% reduce 35%
2020-05-02 02:17:08,991 INFO mapreduce.Job:  map 100% reduce 38%
2020-05-02 02:17:14,017 INFO mapreduce.Job:  map 100% reduce 47%
2020-05-02 02:17:20,049 INFO mapreduce.Job:  map 100% reduce 49%
2020-05-02 02:17:26,077 INFO mapreduce.Job:  map 100% reduce 51%
2020-05-02 02:17:27,082 INFO mapreduce.Job:  map 100% reduce 53%
2020-05-02 02:17:28,086 INFO mapreduce.Job:  map 100% reduce 56%
2020-05-02 02:17:32,103 INFO mapreduce.Job:  map 100% reduce 57%
2020-05-02 02:17:33,107 INFO mapreduce.Job:  map 100% reduce 61%
2020-05-02 02:17:34,113 INFO mapreduce.Job:  map 100% reduce 66%
2020-05-02 02:17:38,132 INFO mapreduce.Job:  map 100% reduce 67%
2020-05-02 02:17:39,136 INFO mapreduce.Job:  map 100% reduce 70%
2020-05-02 02:17:44,156 INFO mapreduce.Job:  map 100% reduce 71%
2020-05-02 02:17:45,162 INFO mapreduce.Job:  map 100% reduce 72%
2020-05-02 02:17:50,181 INFO mapreduce.Job:  map 100% reduce 73%
2020-05-02 02:17:51,185 INFO mapreduce.Job:  map 100% reduce 74%
2020-05-02 02:17:56,212 INFO mapreduce.Job:  map 100% reduce 75%
2020-05-02 02:17:57,216 INFO mapreduce.Job:  map 100% reduce 76%
2020-05-02 02:18:02,238 INFO mapreduce.Job:  map 100% reduce 77%
2020-05-02 02:18:03,244 INFO mapreduce.Job:  map 100% reduce 78%
2020-05-02 02:18:08,264 INFO mapreduce.Job:  map 100% reduce 80%
2020-05-02 02:18:14,291 INFO mapreduce.Job:  map 100% reduce 81%
2020-05-02 02:18:15,295 INFO mapreduce.Job:  map 100% reduce 82%
2020-05-02 02:18:20,320 INFO mapreduce.Job:  map 100% reduce 83%
2020-05-02 02:18:21,326 INFO mapreduce.Job:  map 100% reduce 84%
2020-05-02 02:18:26,349 INFO mapreduce.Job:  map 100% reduce 85%
2020-05-02 02:18:28,358 INFO mapreduce.Job:  map 100% reduce 86%
2020-05-02 02:18:32,390 INFO mapreduce.Job:  map 100% reduce 87%
2020-05-02 02:18:38,897 INFO mapreduce.Job:  map 100% reduce 89%
2020-05-02 02:18:44,921 INFO mapreduce.Job:  map 100% reduce 91%
2020-05-02 02:18:50,942 INFO mapreduce.Job:  map 100% reduce 93%
2020-05-02 02:18:51,964 INFO mapreduce.Job:  map 76% reduce 48%
2020-05-02 02:18:56,991 INFO mapreduce.Job:  map 76% reduce 49%
2020-05-02 02:19:01,012 INFO mapreduce.Job:  map 77% reduce 49%
2020-05-02 02:19:05,029 INFO mapreduce.Job:  map 78% reduce 49%
2020-05-02 02:19:07,038 INFO mapreduce.Job:  map 79% reduce 49%
2020-05-02 02:19:11,058 INFO mapreduce.Job:  map 80% reduce 49%
2020-05-02 02:19:13,066 INFO mapreduce.Job:  map 81% reduce 49%
2020-05-02 02:19:15,075 INFO mapreduce.Job:  map 82% reduce 50%
2020-05-02 02:19:19,098 INFO mapreduce.Job:  map 83% reduce 50%
2020-05-02 02:19:21,106 INFO mapreduce.Job:  map 84% reduce 50%
2020-05-02 02:19:23,114 INFO mapreduce.Job:  map 85% reduce 50%
2020-05-02 02:19:25,122 INFO mapreduce.Job:  map 86% reduce 50%
2020-05-02 02:19:29,136 INFO mapreduce.Job:  map 87% reduce 50%
2020-05-02 02:19:34,156 INFO mapreduce.Job:  map 88% reduce 50%
2020-05-02 02:19:36,581 INFO mapreduce.Job:  map 90% reduce 50%
2020-05-02 02:19:38,590 INFO mapreduce.Job:  map 91% reduce 50%
2020-05-02 02:19:41,604 INFO mapreduce.Job:  map 92% reduce 50%
2020-05-02 02:19:47,626 INFO mapreduce.Job:  map 93% reduce 50%
2020-05-02 02:19:49,639 INFO mapreduce.Job:  map 94% reduce 50%
2020-05-02 02:19:51,645 INFO mapreduce.Job:  map 95% reduce 50%
2020-05-02 02:19:52,653 INFO mapreduce.Job:  map 96% reduce 50%
2020-05-02 02:19:54,661 INFO mapreduce.Job:  map 97% reduce 50%
2020-05-02 02:19:59,682 INFO mapreduce.Job:  map 98% reduce 50%
2020-05-02 02:20:00,687 INFO mapreduce.Job:  map 99% reduce 50%
2020-05-02 02:20:05,711 INFO mapreduce.Job:  map 100% reduce 50%
2020-05-02 02:20:12,745 INFO mapreduce.Job:  map 100% reduce 53%
2020-05-02 02:20:18,770 INFO mapreduce.Job:  map 100% reduce 55%
2020-05-02 02:20:24,807 INFO mapreduce.Job:  map 100% reduce 56%
2020-05-02 02:20:30,831 INFO mapreduce.Job:  map 100% reduce 58%
2020-05-02 02:20:36,858 INFO mapreduce.Job:  map 100% reduce 60%
2020-05-02 02:20:42,886 INFO mapreduce.Job:  map 100% reduce 62%
2020-05-02 02:20:48,915 INFO mapreduce.Job:  map 100% reduce 63%
2020-05-02 02:20:54,182 INFO mapreduce.Job:  map 69% reduce 50%
2020-05-02 02:21:03,227 INFO mapreduce.Job:  map 70% reduce 50%
2020-05-02 02:21:08,253 INFO mapreduce.Job:  map 71% reduce 50%
2020-05-02 02:21:10,262 INFO mapreduce.Job:  map 72% reduce 50%
2020-05-02 02:21:11,268 INFO mapreduce.Job:  map 73% reduce 50%
2020-05-02 02:21:14,293 INFO mapreduce.Job:  map 74% reduce 50%
2020-05-02 02:21:16,301 INFO mapreduce.Job:  map 75% reduce 50%
2020-05-02 02:21:20,315 INFO mapreduce.Job:  map 76% reduce 50%
2020-05-02 02:21:22,323 INFO mapreduce.Job:  map 77% reduce 50%
2020-05-02 02:21:25,339 INFO mapreduce.Job:  map 78% reduce 50%
2020-05-02 02:21:27,347 INFO mapreduce.Job:  map 79% reduce 50%
2020-05-02 02:21:29,358 INFO mapreduce.Job:  map 80% reduce 50%
2020-05-02 02:21:32,370 INFO mapreduce.Job:  map 81% reduce 50%
2020-05-02 02:21:37,387 INFO mapreduce.Job:  map 82% reduce 50%
2020-05-02 02:21:39,393 INFO mapreduce.Job:  map 83% reduce 50%
2020-05-02 02:21:40,396 INFO mapreduce.Job:  map 84% reduce 50%
2020-05-02 02:21:42,409 INFO mapreduce.Job:  map 85% reduce 50%
2020-05-02 02:21:45,419 INFO mapreduce.Job:  map 86% reduce 50%
2020-05-02 02:21:49,438 INFO mapreduce.Job:  map 87% reduce 50%
2020-05-02 02:21:52,449 INFO mapreduce.Job:  map 88% reduce 50%
2020-05-02 02:21:54,455 INFO mapreduce.Job:  map 89% reduce 50%
2020-05-02 02:21:55,459 INFO mapreduce.Job:  map 90% reduce 50%
2020-05-02 02:21:56,463 INFO mapreduce.Job:  map 91% reduce 50%
2020-05-02 02:22:04,488 INFO mapreduce.Job:  map 92% reduce 50%
2020-05-02 02:22:05,492 INFO mapreduce.Job:  map 93% reduce 50%
2020-05-02 02:22:08,502 INFO mapreduce.Job:  map 94% reduce 50%
2020-05-02 02:22:09,505 INFO mapreduce.Job:  map 95% reduce 50%
2020-05-02 02:22:10,508 INFO mapreduce.Job:  map 96% reduce 50%
2020-05-02 02:22:16,526 INFO mapreduce.Job:  map 97% reduce 50%
2020-05-02 02:22:19,537 INFO mapreduce.Job:  map 98% reduce 50%
2020-05-02 02:22:20,541 INFO mapreduce.Job:  map 99% reduce 50%
2020-05-02 02:22:21,551 INFO mapreduce.Job:  map 100% reduce 50%
2020-05-02 02:22:28,585 INFO mapreduce.Job:  map 100% reduce 53%
2020-05-02 02:22:34,619 INFO mapreduce.Job:  map 100% reduce 55%
2020-05-02 02:22:40,642 INFO mapreduce.Job:  map 100% reduce 57%
2020-05-02 02:22:46,670 INFO mapreduce.Job:  map 100% reduce 58%
2020-05-02 02:22:58,963 INFO mapreduce.Job:  map 28% reduce 0%
2020-05-02 02:22:59,991 INFO mapreduce.Job:  map 55% reduce 50%
2020-05-02 02:23:08,061 INFO mapreduce.Job:  map 56% reduce 50%
2020-05-02 02:23:14,099 INFO mapreduce.Job:  map 57% reduce 50%
2020-05-02 02:23:18,123 INFO mapreduce.Job:  map 58% reduce 50%
2020-05-02 02:23:21,140 INFO mapreduce.Job:  map 59% reduce 50%
2020-05-02 02:23:24,162 INFO mapreduce.Job:  map 60% reduce 50%
2020-05-02 02:23:30,195 INFO mapreduce.Job:  map 61% reduce 50%
2020-05-02 02:23:33,210 INFO mapreduce.Job:  map 62% reduce 50%
2020-05-02 02:23:37,241 INFO mapreduce.Job:  map 63% reduce 50%
2020-05-02 02:23:41,258 INFO mapreduce.Job:  map 64% reduce 50%
2020-05-02 02:23:45,278 INFO mapreduce.Job:  map 65% reduce 50%
2020-05-02 02:23:47,288 INFO mapreduce.Job:  map 66% reduce 50%
2020-05-02 02:23:55,323 INFO mapreduce.Job:  map 67% reduce 50%
2020-05-02 02:23:57,331 INFO mapreduce.Job:  map 68% reduce 50%
2020-05-02 02:23:59,341 INFO mapreduce.Job:  map 69% reduce 50%
2020-05-02 02:24:08,385 INFO mapreduce.Job:  map 70% reduce 50%
2020-05-02 02:24:09,391 INFO mapreduce.Job:  map 71% reduce 50%
2020-05-02 02:24:11,404 INFO mapreduce.Job:  map 72% reduce 50%
2020-05-02 02:24:19,440 INFO mapreduce.Job:  map 73% reduce 50%
2020-05-02 02:24:22,453 INFO mapreduce.Job:  map 74% reduce 50%
2020-05-02 02:24:23,456 INFO mapreduce.Job:  map 75% reduce 50%
2020-05-02 02:24:29,482 INFO mapreduce.Job:  map 76% reduce 50%
2020-05-02 02:24:34,506 INFO mapreduce.Job:  map 77% reduce 50%
2020-05-02 02:24:35,511 INFO mapreduce.Job:  map 78% reduce 50%
2020-05-02 02:24:40,534 INFO mapreduce.Job:  map 79% reduce 50%
2020-05-02 02:24:46,568 INFO mapreduce.Job:  map 80% reduce 50%
2020-05-02 02:24:47,572 INFO mapreduce.Job:  map 81% reduce 50%
2020-05-02 02:24:50,585 INFO mapreduce.Job:  map 82% reduce 50%
2020-05-02 02:24:57,797 INFO mapreduce.Job:  map 59% reduce 50%
2020-05-02 02:25:04,840 INFO mapreduce.Job:  map 60% reduce 50%
2020-05-02 02:25:11,896 INFO mapreduce.Job:  map 61% reduce 50%
2020-05-02 02:25:20,943 INFO mapreduce.Job:  map 62% reduce 50%
2020-05-02 02:25:28,000 INFO mapreduce.Job:  map 63% reduce 50%
2020-05-02 02:25:34,028 INFO mapreduce.Job:  map 64% reduce 50%
2020-05-02 02:25:43,067 INFO mapreduce.Job:  map 65% reduce 50%
2020-05-02 02:25:51,132 INFO mapreduce.Job:  map 66% reduce 50%
2020-05-02 02:25:59,172 INFO mapreduce.Job:  map 67% reduce 50%
2020-05-02 02:26:05,198 INFO mapreduce.Job:  map 68% reduce 50%
2020-05-02 02:26:14,244 INFO mapreduce.Job:  map 69% reduce 50%
2020-05-02 02:26:23,296 INFO mapreduce.Job:  map 70% reduce 50%
2020-05-02 02:26:28,323 INFO mapreduce.Job:  map 71% reduce 50%
2020-05-02 02:26:36,355 INFO mapreduce.Job:  map 72% reduce 50%
2020-05-02 02:26:43,392 INFO mapreduce.Job:  map 73% reduce 50%
2020-05-02 02:26:52,437 INFO mapreduce.Job:  map 74% reduce 50%
2020-05-02 02:27:00,484 INFO mapreduce.Job:  map 75% reduce 50%
2020-05-02 02:27:05,507 INFO mapreduce.Job:  map 76% reduce 50%
2020-05-02 02:27:12,540 INFO mapreduce.Job:  map 77% reduce 50%
2020-05-02 02:27:21,578 INFO mapreduce.Job:  map 78% reduce 50%
2020-05-02 02:27:30,612 INFO mapreduce.Job:  map 79% reduce 50%
2020-05-02 02:27:39,656 INFO mapreduce.Job:  map 80% reduce 50%
2020-05-02 02:27:41,665 INFO mapreduce.Job:  map 81% reduce 50%
2020-05-02 02:27:51,700 INFO mapreduce.Job:  map 82% reduce 50%
2020-05-02 02:28:01,748 INFO mapreduce.Job:  map 83% reduce 50%
2020-05-02 02:28:03,756 INFO mapreduce.Job:  map 83% reduce 51%
2020-05-02 02:28:06,765 INFO mapreduce.Job:  map 83% reduce 53%
2020-05-02 02:28:09,781 INFO mapreduce.Job:  map 83% reduce 54%
2020-05-02 02:28:13,794 INFO mapreduce.Job:  map 83% reduce 50%
2020-05-02 02:28:26,867 INFO mapreduce.Job:  map 100% reduce 100%
2020-05-02 02:28:26,867 INFO mapreduce.Job: Job job_1588384847777_0001 completed successfully
2020-05-02 02:28:26,867 INFO mapreduce.Job: Counters: 56
	File System Counters
                FILE: Number of bytes read=34179358684
                FILE: Number of bytes written=67554365386
                FILE: Number of read operations=0
                FILE: Number of large read operations=0
                FILE: Number of write operations=0
                HDFS: Number of bytes read=32031336863
                HDFS: Number of bytes written=32000000000
                HDFS: Number of read operations=2430
                HDFS: Number of large read operations=0
                HDFS: Number of write operations=16
                HDFS: Number of bytes read erasure-coded=0
	Job Counters
                Killed map tasks=1
                Launched map tasks=478
                Launched reduce tasks=4
                Data-local map tasks=468
                Rack-local map tasks=5
                Total time spent by all maps in occupied slots (ms)=4624856
                Total time spent by all reduces in occupied slots (ms)=475054
                Total time spent by all map tasks (ms)=462478
                Total time spent by all reduce tasks (ms)=409067
                Total vcore-milliseconds taken by all map tasks=4813169
                Total vcore-milliseconds taken by all reduce tasks=808097
                Total megabyte-milliseconds taken by all map tasks=5689452544
                Total megabyte-milliseconds taken by all reduce tasks=922084796
	Map-Reduce Framework
                Map input records=320000000
                Map output records=320000000
                Map output bytes=32000000000
                Map output materialized bytes=32320005736
                Input split bytes=48441
                Combine input records=0
                Combine output records=0
                Reduce input groups=320000000
                Reduce shuffle bytes=32320005736
                Reduce input records=320000000
                Reduce output records=320000000
                Spilled Records=838249004
                Shuffled Maps =1658
                Failed Shuffles=0
                Merged Map outputs=1658
                GC time elapsed (ms)=69718
                CPU time spent (ms)=1595920
                Physical memory (bytes) snapshot=196587409408
                Virtual memory (bytes) snapshot=800520766464
                Total committed heap usage (bytes)=156679500800
                Peak Map Physical memory (bytes)=491789952
                Peak Map Virtual memory (bytes)=2605256704
                Peak Reduce Physical memory (bytes)=1011949568
                Peak Reduce Virtual memory (bytes)=2635284480
        Shuffle Errors
                BAD_ID=0
                CONNECTION=0
                IO_ERROR=0
                WRONG_LENGTH=0
                WRONG_MAP=0
                WRONG_REDUCE=0
        File Input Format Counters
                Bytes Read=36031195136
        File Output Format Counters
                Bytes Written=34359738400
Total time to sort data on hadoop: 960.991 seconds
