2020-04-29 19:22:57,878 INFO input.FileInputFormat: Total input files to process : 1
2020-04-29 19:22:57,942 INFO sasl.SaslDataTransferClient: SASL encryption trust check: localHostTrusted = false, remoteHostTrusted = false
2020-04-29 19:22:58,286 INFO sasl.SaslDataTransferClient: SASL encryption trust check: localHostTrusted = false, remoteHostTrusted = false
2020-04-29 19:22:58,499 INFO sasl.SaslDataTransferClient: SASL encryption trust check: localHostTrusted = false, remoteHostTrusted = false
2020-04-29 19:22:58,508 INFO sasl.SaslDataTransferClient: SASL encryption trust check: localHostTrusted = false, remoteHostTrusted = false
2020-04-29 19:22:58,697 INFO sasl.SaslDataTransferClient: SASL encryption trust check: localHostTrusted = false, remoteHostTrusted = false
2020-04-29 19:22:58,881 INFO sasl.SaslDataTransferClient: SASL encryption trust check: localHostTrusted = false, remoteHostTrusted = false
2020-04-29 19:22:59,098 INFO sasl.SaslDataTransferClient: SASL encryption trust check: localHostTrusted = false, remoteHostTrusted = false
2020-04-29 19:22:59,112 INFO sasl.SaslDataTransferClient: SASL encryption trust check: localHostTrusted = false, remoteHostTrusted = false
2020-04-29 19:22:59,342 INFO sasl.SaslDataTransferClient: SASL encryption trust check: localHostTrusted = false, remoteHostTrusted = false
2020-04-29 19:22:59,743 INFO sasl.SaslDataTransferClient: SASL encryption trust check: localHostTrusted = false, remoteHostTrusted = false
2020-04-29 19:22:59,922 INFO sasl.SaslDataTransferClient: SASL encryption trust check: localHostTrusted = false, remoteHostTrusted = false
2020-04-29 19:23:00,109 INFO sasl.SaslDataTransferClient: SASL encryption trust check: localHostTrusted = false, remoteHostTrusted = false
2020-04-29 19:23:00,288 INFO sasl.SaslDataTransferClient: SASL encryption trust check: localHostTrusted = false, remoteHostTrusted = false
2020-04-29 19:23:00,295 INFO sasl.SaslDataTransferClient: SASL encryption trust check: localHostTrusted = false, remoteHostTrusted = false
2020-04-29 19:23:00,495 INFO sasl.SaslDataTransferClient: SASL encryption trust check: localHostTrusted = false, remoteHostTrusted = false
2020-04-29 19:23:00,709 INFO sasl.SaslDataTransferClient: SASL encryption trust check: localHostTrusted = false, remoteHostTrusted = false
2020-04-29 19:23:00,938 INFO sasl.SaslDataTransferClient: SASL encryption trust check: localHostTrusted = false, remoteHostTrusted = false
2020-04-29 19:23:01,151 INFO sasl.SaslDataTransferClient: SASL encryption trust check: localHostTrusted = false, remoteHostTrusted = false
2020-04-29 19:23:01,525 INFO sasl.SaslDataTransferClient: SASL encryption trust check: localHostTrusted = false, remoteHostTrusted = false
2020-04-29 19:23:01,694 INFO sasl.SaslDataTransferClient: SASL encryption trust check: localHostTrusted = false, remoteHostTrusted = false
2020-04-29 19:23:01,861 INFO sasl.SaslDataTransferClient: SASL encryption trust check: localHostTrusted = false, remoteHostTrusted = false
2020-04-29 19:23:02,043 INFO sasl.SaslDataTransferClient: SASL encryption trust check: localHostTrusted = false, remoteHostTrusted = false
2020-04-29 19:23:02,051 INFO sasl.SaslDataTransferClient: SASL encryption trust check: localHostTrusted = false, remoteHostTrusted = false
2020-04-29 19:23:02,211 INFO sasl.SaslDataTransferClient: SASL encryption trust check: localHostTrusted = false, remoteHostTrusted = false
2020-04-29 19:23:02,220 INFO sasl.SaslDataTransferClient: SASL encryption trust check: localHostTrusted = false, remoteHostTrusted = false
2020-04-29 19:23:02,706 INFO sasl.SaslDataTransferClient: SASL encryption trust check: localHostTrusted = false, remoteHostTrusted = false
2020-04-29 19:23:02,915 INFO sasl.SaslDataTransferClient: SASL encryption trust check: localHostTrusted = false, remoteHostTrusted = false
2020-04-29 19:23:02,929 INFO sasl.SaslDataTransferClient: SASL encryption trust check: localHostTrusted = false, remoteHostTrusted = false
2020-04-29 19:23:03,141 INFO sasl.SaslDataTransferClient: SASL encryption trust check: localHostTrusted = false, remoteHostTrusted = false
2020-04-29 19:23:03,520 INFO sasl.SaslDataTransferClient: SASL encryption trust check: localHostTrusted = false, remoteHostTrusted = false
2020-04-29 19:23:03,714 INFO sasl.SaslDataTransferClient: SASL encryption trust check: localHostTrusted = false, remoteHostTrusted = false
2020-04-29 19:23:03,923 INFO sasl.SaslDataTransferClient: SASL encryption trust check: localHostTrusted = false, remoteHostTrusted = false
2020-04-29 19:23:03,932 INFO sasl.SaslDataTransferClient: SASL encryption trust check: localHostTrusted = false, remoteHostTrusted = false
2020-04-29 19:23:04,304 INFO sasl.SaslDataTransferClient: SASL encryption trust check: localHostTrusted = false, remoteHostTrusted = false
2020-04-29 19:23:04,858 INFO sasl.SaslDataTransferClient: SASL encryption trust check: localHostTrusted = false, remoteHostTrusted = false
2020-04-29 19:23:04,866 INFO sasl.SaslDataTransferClient: SASL encryption trust check: localHostTrusted = false, remoteHostTrusted = false
2020-04-29 19:23:05,037 INFO sasl.SaslDataTransferClient: SASL encryption trust check: localHostTrusted = false, remoteHostTrusted = false
2020-04-29 19:23:05,381 INFO sasl.SaslDataTransferClient: SASL encryption trust check: localHostTrusted = false, remoteHostTrusted = false
2020-04-29 19:23:05,390 INFO sasl.SaslDataTransferClient: SASL encryption trust check: localHostTrusted = false, remoteHostTrusted = false
2020-04-29 19:23:05,566 INFO sasl.SaslDataTransferClient: SASL encryption trust check: localHostTrusted = false, remoteHostTrusted = false
2020-04-29 19:23:05,946 INFO sasl.SaslDataTransferClient: SASL encryption trust check: localHostTrusted = false, remoteHostTrusted = false
2020-04-29 19:23:06,150 INFO sasl.SaslDataTransferClient: SASL encryption trust check: localHostTrusted = false, remoteHostTrusted = false
2020-04-29 19:23:06,331 INFO sasl.SaslDataTransferClient: SASL encryption trust check: localHostTrusted = false, remoteHostTrusted = false
2020-04-29 19:23:06,499 INFO sasl.SaslDataTransferClient: SASL encryption trust check: localHostTrusted = false, remoteHostTrusted = false
2020-04-29 19:23:06,507 INFO sasl.SaslDataTransferClient: SASL encryption trust check: localHostTrusted = false, remoteHostTrusted = false
2020-04-29 19:23:06,683 INFO sasl.SaslDataTransferClient: SASL encryption trust check: localHostTrusted = false, remoteHostTrusted = false
2020-04-29 19:23:06,850 INFO sasl.SaslDataTransferClient: SASL encryption trust check: localHostTrusted = false, remoteHostTrusted = false
2020-04-29 19:23:06,857 INFO sasl.SaslDataTransferClient: SASL encryption trust check: localHostTrusted = false, remoteHostTrusted = false
2020-04-29 19:23:07,026 INFO sasl.SaslDataTransferClient: SASL encryption trust check: localHostTrusted = false, remoteHostTrusted = false
2020-04-29 19:23:07,203 INFO sasl.SaslDataTransferClient: SASL encryption trust check: localHostTrusted = false, remoteHostTrusted = false
2020-04-29 19:23:07,368 INFO sasl.SaslDataTransferClient: SASL encryption trust check: localHostTrusted = false, remoteHostTrusted = false
2020-04-29 19:23:07,374 INFO sasl.SaslDataTransferClient: SASL encryption trust check: localHostTrusted = false, remoteHostTrusted = false
2020-04-29 19:23:07,903 INFO sasl.SaslDataTransferClient: SASL encryption trust check: localHostTrusted = false, remoteHostTrusted = false
2020-04-29 19:23:08,081 INFO sasl.SaslDataTransferClient: SASL encryption trust check: localHostTrusted = false, remoteHostTrusted = false
2020-04-29 19:23:08,272 INFO sasl.SaslDataTransferClient: SASL encryption trust check: localHostTrusted = false, remoteHostTrusted = false
2020-04-29 19:23:08,464 INFO sasl.SaslDataTransferClient: SASL encryption trust check: localHostTrusted = false, remoteHostTrusted = false
2020-04-29 19:23:08,647 INFO sasl.SaslDataTransferClient: SASL encryption trust check: localHostTrusted = false, remoteHostTrusted = false
2020-04-29 19:23:08,822 INFO sasl.SaslDataTransferClient: SASL encryption trust check: localHostTrusted = false, remoteHostTrusted = false
2020-04-29 19:23:08,829 INFO sasl.SaslDataTransferClient: SASL encryption trust check: localHostTrusted = false, remoteHostTrusted = false
2020-04-29 19:23:09,187 INFO sasl.SaslDataTransferClient: SASL encryption trust check: localHostTrusted = false, remoteHostTrusted = false
2020-04-29 19:23:09,355 INFO sasl.SaslDataTransferClient: SASL encryption trust check: localHostTrusted = false, remoteHostTrusted = false
2020-04-29 19:23:09,358 INFO partition.InputSampler: Using 1000 samples
2020-04-29 19:23:09,397 INFO zlib.ZlibFactory: Successfully loaded & initialized native-zlib library
2020-04-29 19:23:09,398 INFO compress.CodecPool: Got brand-new compressor [.deflate]
2020-04-29 19:23:09,435 INFO sasl.SaslDataTransferClient: SASL encryption trust check: localHostTrusted = false, remoteHostTrusted = false
2020-04-29 19:23:09,553 INFO client.RMProxy: Connecting to ResourceManager at /192.168.122.69:8032
2020-04-29 19:23:09,772 WARN mapreduce.JobResourceUploader: Hadoop command-line option parsing not performed. Implement the Tool interface and execute your application with ToolRunner to remedy this.
2020-04-29 19:23:09,787 INFO mapreduce.JobResourceUploader: Disabling Erasure Coding for path: /tmp/hadoop-yarn/staging/ubuntu/.staging/job_1588182388097_0006
2020-04-29 19:23:09,809 INFO sasl.SaslDataTransferClient: SASL encryption trust check: localHostTrusted = false, remoteHostTrusted = false
2020-04-29 19:23:10,250 INFO input.FileInputFormat: Total input files to process : 1
2020-04-29 19:23:10,270 INFO sasl.SaslDataTransferClient: SASL encryption trust check: localHostTrusted = false, remoteHostTrusted = false
2020-04-29 19:23:10,346 INFO sasl.SaslDataTransferClient: SASL encryption trust check: localHostTrusted = false, remoteHostTrusted = false
2020-04-29 19:23:10,365 INFO mapreduce.JobSubmitter: number of splits:60
2020-04-29 19:23:10,411 INFO Configuration.deprecation: mapred.textoutputformat.separator is deprecated. Instead, use mapreduce.output.textoutputformat.separator
2020-04-29 19:23:10,498 INFO sasl.SaslDataTransferClient: SASL encryption trust check: localHostTrusted = false, remoteHostTrusted = false
2020-04-29 19:23:10,516 INFO mapreduce.JobSubmitter: Submitting tokens for job: job_1588182388097_0006
2020-04-29 19:23:10,516 INFO mapreduce.JobSubmitter: Executing with tokens: []
2020-04-29 19:23:10,639 INFO conf.Configuration: resource-types.xml not found
2020-04-29 19:23:10,639 INFO resource.ResourceUtils: Unable to find 'resource-types.xml'.
2020-04-29 19:23:10,698 INFO impl.YarnClientImpl: Submitted application application_1588182388097_0006
2020-04-29 19:23:10,725 INFO mapreduce.Job: The url to track the job: http://namenode.local:8088/proxy/application_1588182388097_0006/
2020-04-29 19:23:10,725 INFO mapreduce.Job: Running job: job_1588182388097_0006
2020-04-29 19:23:16,868 INFO mapreduce.Job: Job job_1588182388097_0006 running in uber mode : false
2020-04-29 19:23:16,870 INFO mapreduce.Job:  map 0% reduce 0%
2020-04-29 19:23:28,024 INFO mapreduce.Job:  map 3% reduce 0%
2020-04-29 19:23:29,030 INFO mapreduce.Job:  map 10% reduce 0%
2020-04-29 19:23:31,044 INFO mapreduce.Job:  map 12% reduce 0%
2020-04-29 19:23:32,054 INFO mapreduce.Job:  map 50% reduce 0%
2020-04-29 19:23:37,089 INFO mapreduce.Job:  map 52% reduce 0%
2020-04-29 19:23:39,104 INFO mapreduce.Job:  map 58% reduce 0%
2020-04-29 19:23:42,122 INFO mapreduce.Job:  map 60% reduce 0%
2020-04-29 19:23:43,128 INFO mapreduce.Job:  map 62% reduce 0%
2020-04-29 19:23:44,133 INFO mapreduce.Job:  map 63% reduce 0%
2020-04-29 19:23:45,141 INFO mapreduce.Job:  map 72% reduce 0%
2020-04-29 19:23:46,150 INFO mapreduce.Job:  map 92% reduce 0%
2020-04-29 19:23:47,159 INFO mapreduce.Job:  map 93% reduce 0%
2020-04-29 19:23:48,166 INFO mapreduce.Job:  map 95% reduce 8%
2020-04-29 19:23:49,172 INFO mapreduce.Job:  map 95% reduce 23%
2020-04-29 19:23:51,186 INFO mapreduce.Job:  map 97% reduce 30%
2020-04-29 19:23:52,194 INFO mapreduce.Job:  map 98% reduce 30%
2020-04-29 19:23:53,203 INFO mapreduce.Job:  map 100% reduce 30%
2020-04-29 19:23:54,212 INFO mapreduce.Job:  map 100% reduce 31%
2020-04-29 19:23:55,220 INFO mapreduce.Job:  map 100% reduce 33%
2020-04-29 19:23:57,233 INFO mapreduce.Job:  map 100% reduce 38%
2020-04-29 19:24:00,251 INFO mapreduce.Job:  map 100% reduce 49%
2020-04-29 19:24:01,256 INFO mapreduce.Job:  map 100% reduce 71%
2020-04-29 19:24:03,271 INFO mapreduce.Job:  map 100% reduce 78%
2020-04-29 19:24:06,292 INFO mapreduce.Job:  map 100% reduce 83%
2020-04-29 19:24:07,303 INFO mapreduce.Job:  map 100% reduce 89%
2020-04-29 19:24:09,314 INFO mapreduce.Job:  map 100% reduce 92%
2020-04-29 19:24:10,321 INFO mapreduce.Job:  map 100% reduce 94%
2020-04-29 19:24:12,336 INFO mapreduce.Job:  map 100% reduce 96%
2020-04-29 19:24:13,344 INFO mapreduce.Job:  map 100% reduce 100%
2020-04-29 19:24:14,366 INFO mapreduce.Job: Job job_1588182388097_0006 completed successfully
2020-04-29 19:24:14,484 INFO mapreduce.Job: Counters: 56
	File System Counters
		FILE: Number of bytes read=4080000072
		FILE: Number of bytes written=8174486878
		FILE: Number of read operations=0
		FILE: Number of large read operations=0
		FILE: Number of write operations=0
		HDFS: Number of bytes read=4007768768
		HDFS: Number of bytes written=4000000000
		HDFS: Number of read operations=320
		HDFS: Number of large read operations=0
		HDFS: Number of write operations=8
		HDFS: Number of bytes read erasure-coded=0
	Job Counters 
		Killed map tasks=1
		Launched map tasks=60
		Launched reduce tasks=4
		Data-local map tasks=54
		Rack-local map tasks=6
		Total time spent by all maps in occupied slots (ms)=681336
		Total time spent by all reduces in occupied slots (ms)=150568
		Total time spent by all map tasks (ms)=681336
		Total time spent by all reduce tasks (ms)=150568
		Total vcore-milliseconds taken by all map tasks=681336
		Total vcore-milliseconds taken by all reduce tasks=150568
		Total megabyte-milliseconds taken by all map tasks=697688064
		Total megabyte-milliseconds taken by all reduce tasks=154181632
	Map-Reduce Framework
		Map input records=40000000
		Map output records=40000000
		Map output bytes=4000000000
		Map output materialized bytes=4080001440
		Input split bytes=7080
		Combine input records=0
		Combine output records=0
		Reduce input groups=40000000
		Reduce shuffle bytes=4080001440
		Reduce input records=40000000
		Reduce output records=40000000
		Spilled Records=80000000
		Shuffled Maps =240
		Failed Shuffles=0
		Merged Map outputs=240
		GC time elapsed (ms)=14785
		CPU time spent (ms)=271580
		Physical memory (bytes) snapshot=31236612096
		Virtual memory (bytes) snapshot=166125486080
		Total committed heap usage (bytes)=28530180096
		Peak Map Physical memory (bytes)=492371968
		Peak Map Virtual memory (bytes)=2602807296
		Peak Reduce Physical memory (bytes)=955387904
		Peak Reduce Virtual memory (bytes)=2637824000
	Shuffle Errors
		BAD_ID=0
		CONNECTION=0
		IO_ERROR=0
		WRONG_LENGTH=0
		WRONG_MAP=0
		WRONG_REDUCE=0
	File Input Format Counters 
		Bytes Read=4007733248
	File Output Format Counters 
		Bytes Written=4000000000
Total time to sort data on hadoop: 77.41 seconds


Valsort
./valsort -o part-r-00000.sum part-r-00000
Records: 10586949
Checksum: 491f73036790d9
Duplicate keys: 0
SUCCESS - all records are in order
./valsort -o part-r-00001.sum part-r-00001
Records: 10435527
Checksum: 47f7b712c03275
Duplicate keys: 0
SUCCESS - all records are in order
./valsort -o part-r-00002.sum part-r-00002
Records: 10623181
Checksum: 511176b058296b
Duplicate keys: 0
SUCCESS - all records are in order
./valsort -o part-r-00003.sum part-r-00003
Records: 10354343
Checksum: 4efed425776fda
Duplicate keys: 0
SUCCESS - all records are in order
cat part-r-00000.sum part-r-00001.sum part-r-00002.sum part-r-00003.sum
./valsort -s all.sum
Records: 42949672
Checksum: 147a91dd0ea4d36
Duplicate keys: 0
SUCCESS - all records are in order
