ubuntu@demo-namenode:/exports/projects/hadoop-3.2.1$ time bin/hadoop jar HadoopSort.jar HadoopSort /home/input/ /home/output
2020-05-02 21:38:22,480 INFO input.FileInputFormat: Total input files to process : 1
2020-05-02 21:38:22,530 INFO sasl.SaslDataTransferClient: SASL encryption trust check: localHostTrusted = false, remoteHostTrusted = false
2020-05-02 21:38:23,002 INFO sasl.SaslDataTransferClient: SASL encryption trust check: localHostTrusted = false, remoteHostTrusted = false
2020-05-02 21:38:23,183 INFO sasl.SaslDataTransferClient: SASL encryption trust check: localHostTrusted = false, remoteHostTrusted = false
2020-05-02 21:38:23,377 INFO sasl.SaslDataTransferClient: SASL encryption trust check: localHostTrusted = false, remoteHostTrusted = false
2020-05-02 21:38:23,552 INFO sasl.SaslDataTransferClient: SASL encryption trust check: localHostTrusted = false, remoteHostTrusted = false
2020-05-02 21:38:23,726 INFO sasl.SaslDataTransferClient: SASL encryption trust check: localHostTrusted = false, remoteHostTrusted = false
2020-05-02 21:38:23,897 INFO sasl.SaslDataTransferClient: SASL encryption trust check: localHostTrusted = false, remoteHostTrusted = false
2020-05-02 21:38:24,066 INFO sasl.SaslDataTransferClient: SASL encryption trust check: localHostTrusted = false, remoteHostTrusted = false
2020-05-02 21:38:24,243 INFO sasl.SaslDataTransferClient: SASL encryption trust check: localHostTrusted = false, remoteHostTrusted = false
2020-05-02 21:38:24,420 INFO sasl.SaslDataTransferClient: SASL encryption trust check: localHostTrusted = false, remoteHostTrusted = false
2020-05-02 21:38:24,599 INFO sasl.SaslDataTransferClient: SASL encryption trust check: localHostTrusted = false, remoteHostTrusted = false
2020-05-02 21:38:24,807 INFO sasl.SaslDataTransferClient: SASL encryption trust check: localHostTrusted = false, remoteHostTrusted = false
2020-05-02 21:38:24,989 INFO sasl.SaslDataTransferClient: SASL encryption trust check: localHostTrusted = false, remoteHostTrusted = false
2020-05-02 21:38:25,185 INFO sasl.SaslDataTransferClient: SASL encryption trust check: localHostTrusted = false, remoteHostTrusted = false
2020-05-02 21:38:25,375 INFO sasl.SaslDataTransferClient: SASL encryption trust check: localHostTrusted = false, remoteHostTrusted = false
2020-05-02 21:38:25,553 INFO sasl.SaslDataTransferClient: SASL encryption trust check: localHostTrusted = false, remoteHostTrusted = false
2020-05-02 21:38:25,734 INFO sasl.SaslDataTransferClient: SASL encryption trust check: localHostTrusted = false, remoteHostTrusted = false
2020-05-02 21:38:25,912 INFO sasl.SaslDataTransferClient: SASL encryption trust check: localHostTrusted = false, remoteHostTrusted = false
2020-05-02 21:38:26,103 INFO sasl.SaslDataTransferClient: SASL encryption trust check: localHostTrusted = false, remoteHostTrusted = false
2020-05-02 21:38:26,292 INFO sasl.SaslDataTransferClient: SASL encryption trust check: localHostTrusted = false, remoteHostTrusted = false
2020-05-02 21:38:26,478 INFO sasl.SaslDataTransferClient: SASL encryption trust check: localHostTrusted = false, remoteHostTrusted = false
2020-05-02 21:38:26,674 INFO sasl.SaslDataTransferClient: SASL encryption trust check: localHostTrusted = false, remoteHostTrusted = false
2020-05-02 21:38:26,863 INFO sasl.SaslDataTransferClient: SASL encryption trust check: localHostTrusted = false, remoteHostTrusted = false
2020-05-02 21:38:27,033 INFO sasl.SaslDataTransferClient: SASL encryption trust check: localHostTrusted = false, remoteHostTrusted = false
2020-05-02 21:38:27,194 INFO sasl.SaslDataTransferClient: SASL encryption trust check: localHostTrusted = false, remoteHostTrusted = false
2020-05-02 21:38:27,354 INFO sasl.SaslDataTransferClient: SASL encryption trust check: localHostTrusted = false, remoteHostTrusted = false
2020-05-02 21:38:27,511 INFO sasl.SaslDataTransferClient: SASL encryption trust check: localHostTrusted = false, remoteHostTrusted = false
2020-05-02 21:38:27,668 INFO sasl.SaslDataTransferClient: SASL encryption trust check: localHostTrusted = false, remoteHostTrusted = false
2020-05-02 21:38:27,834 INFO sasl.SaslDataTransferClient: SASL encryption trust check: localHostTrusted = false, remoteHostTrusted = false
2020-05-02 21:38:27,993 INFO sasl.SaslDataTransferClient: SASL encryption trust check: localHostTrusted = false, remoteHostTrusted = false
2020-05-02 21:38:28,151 INFO sasl.SaslDataTransferClient: SASL encryption trust check: localHostTrusted = false, remoteHostTrusted = false
2020-05-02 21:38:28,308 INFO sasl.SaslDataTransferClient: SASL encryption trust check: localHostTrusted = false, remoteHostTrusted = false
2020-05-02 21:38:28,465 INFO sasl.SaslDataTransferClient: SASL encryption trust check: localHostTrusted = false, remoteHostTrusted = false
2020-05-02 21:38:28,622 INFO sasl.SaslDataTransferClient: SASL encryption trust check: localHostTrusted = false, remoteHostTrusted = false
2020-05-02 21:38:28,779 INFO sasl.SaslDataTransferClient: SASL encryption trust check: localHostTrusted = false, remoteHostTrusted = false
2020-05-02 21:38:28,935 INFO sasl.SaslDataTransferClient: SASL encryption trust check: localHostTrusted = false, remoteHostTrusted = false
2020-05-02 21:38:29,091 INFO sasl.SaslDataTransferClient: SASL encryption trust check: localHostTrusted = false, remoteHostTrusted = false
2020-05-02 21:38:29,248 INFO sasl.SaslDataTransferClient: SASL encryption trust check: localHostTrusted = false, remoteHostTrusted = false
2020-05-02 21:38:29,403 INFO sasl.SaslDataTransferClient: SASL encryption trust check: localHostTrusted = false, remoteHostTrusted = false
2020-05-02 21:38:29,558 INFO sasl.SaslDataTransferClient: SASL encryption trust check: localHostTrusted = false, remoteHostTrusted = false
2020-05-02 21:38:29,726 INFO sasl.SaslDataTransferClient: SASL encryption trust check: localHostTrusted = false, remoteHostTrusted = false
2020-05-02 21:38:29,882 INFO sasl.SaslDataTransferClient: SASL encryption trust check: localHostTrusted = false, remoteHostTrusted = false
2020-05-02 21:38:30,038 INFO sasl.SaslDataTransferClient: SASL encryption trust check: localHostTrusted = false, remoteHostTrusted = false
2020-05-02 21:38:30,193 INFO sasl.SaslDataTransferClient: SASL encryption trust check: localHostTrusted = false, remoteHostTrusted = false
2020-05-02 21:38:30,349 INFO sasl.SaslDataTransferClient: SASL encryption trust check: localHostTrusted = false, remoteHostTrusted = false
2020-05-02 21:38:30,502 INFO sasl.SaslDataTransferClient: SASL encryption trust check: localHostTrusted = false, remoteHostTrusted = false
2020-05-02 21:38:30,661 INFO sasl.SaslDataTransferClient: SASL encryption trust check: localHostTrusted = false, remoteHostTrusted = false
2020-05-02 21:38:30,842 INFO sasl.SaslDataTransferClient: SASL encryption trust check: localHostTrusted = false, remoteHostTrusted = false
2020-05-02 21:38:31,184 INFO sasl.SaslDataTransferClient: SASL encryption trust check: localHostTrusted = false, remoteHostTrusted = false
2020-05-02 21:38:31,378 INFO sasl.SaslDataTransferClient: SASL encryption trust check: localHostTrusted = false, remoteHostTrusted = false
2020-05-02 21:38:31,547 INFO sasl.SaslDataTransferClient: SASL encryption trust check: localHostTrusted = false, remoteHostTrusted = false
2020-05-02 21:38:31,716 INFO sasl.SaslDataTransferClient: SASL encryption trust check: localHostTrusted = false, remoteHostTrusted = false
2020-05-02 21:38:31,900 INFO sasl.SaslDataTransferClient: SASL encryption trust check: localHostTrusted = false, remoteHostTrusted = false
2020-05-02 21:38:32,080 INFO sasl.SaslDataTransferClient: SASL encryption trust check: localHostTrusted = false, remoteHostTrusted = false
2020-05-02 21:38:32,246 INFO sasl.SaslDataTransferClient: SASL encryption trust check: localHostTrusted = false, remoteHostTrusted = false
2020-05-02 21:38:32,419 INFO sasl.SaslDataTransferClient: SASL encryption trust check: localHostTrusted = false, remoteHostTrusted = false
2020-05-02 21:38:32,574 INFO sasl.SaslDataTransferClient: SASL encryption trust check: localHostTrusted = false, remoteHostTrusted = false
2020-05-02 21:38:32,740 INFO sasl.SaslDataTransferClient: SASL encryption trust check: localHostTrusted = false, remoteHostTrusted = false
2020-05-02 21:38:32,896 INFO sasl.SaslDataTransferClient: SASL encryption trust check: localHostTrusted = false, remoteHostTrusted = false
2020-05-02 21:38:33,054 INFO sasl.SaslDataTransferClient: SASL encryption trust check: localHostTrusted = false, remoteHostTrusted = false
2020-05-02 21:38:33,209 INFO sasl.SaslDataTransferClient: SASL encryption trust check: localHostTrusted = false, remoteHostTrusted = false
2020-05-02 21:38:33,370 INFO sasl.SaslDataTransferClient: SASL encryption trust check: localHostTrusted = false, remoteHostTrusted = false
2020-05-02 21:38:33,526 INFO sasl.SaslDataTransferClient: SASL encryption trust check: localHostTrusted = false, remoteHostTrusted = false
2020-05-02 21:38:33,679 INFO partition.InputSampler: Using 10000 samples
2020-05-02 21:38:33,732 INFO zlib.ZlibFactory: Successfully loaded & initialized native-zlib library
2020-05-02 21:38:33,732 INFO compress.CodecPool: Got brand-new compressor [.deflate]
2020-05-02 21:38:33,773 INFO sasl.SaslDataTransferClient: SASL encryption trust check: localHostTrusted = false, remoteHostTrusted = false
2020-05-02 21:38:33,877 INFO client.RMProxy: Connecting to ResourceManager at /192.168.122.145:8032
2020-05-02 21:38:34,084 WARN mapreduce.JobResourceUploader: Hadoop command-line option parsing not performed. Implement the Tool interface and execute your application with ToolRunner to remedy this.
2020-05-02 21:38:34,097 INFO mapreduce.JobResourceUploader: Disabling Erasure Coding for path: /tmp/hadoop-yarn/staging/ubuntu/.staging/job_1588452626345_0003
2020-05-02 21:38:34,126 INFO sasl.SaslDataTransferClient: SASL encryption trust check: localHostTrusted = false, remoteHostTrusted = false
2020-05-02 21:38:34,160 INFO input.FileInputFormat: Total input files to process : 1
2020-05-02 21:38:34,184 INFO sasl.SaslDataTransferClient: SASL encryption trust check: localHostTrusted = false, remoteHostTrusted = false
2020-05-02 21:38:34,211 INFO sasl.SaslDataTransferClient: SASL encryption trust check: localHostTrusted = false, remoteHostTrusted = false
2020-05-02 21:38:34,221 INFO mapreduce.JobSubmitter: number of splits:64
2020-05-02 21:38:34,359 INFO sasl.SaslDataTransferClient: SASL encryption trust check: localHostTrusted = false, remoteHostTrusted = false
2020-05-02 21:38:34,384 INFO mapreduce.JobSubmitter: Submitting tokens for job: job_1588452626345_0003
2020-05-02 21:38:34,384 INFO mapreduce.JobSubmitter: Executing with tokens: []
2020-05-02 21:38:34,533 INFO conf.Configuration: resource-types.xml not found
2020-05-02 21:38:34,533 INFO resource.ResourceUtils: Unable to find 'resource-types.xml'.
2020-05-02 21:38:34,590 INFO impl.YarnClientImpl: Submitted application application_1588452626345_0003
2020-05-02 21:38:34,615 INFO mapreduce.Job: The url to track the job: http://demo-namenode.local:8088/proxy/application_1588452626345_0003/
2020-05-02 21:38:34,616 INFO mapreduce.Job: Running job: job_1588452626345_0003
2020-05-02 21:38:41,790 INFO mapreduce.Job: Job job_1588452626345_0003 running in uber mode : false
2020-05-02 21:38:41,792 INFO mapreduce.Job:  map 0% reduce 0%
2020-05-02 21:38:52,046 INFO mapreduce.Job:  map 3% reduce 0%
2020-05-02 21:38:53,058 INFO mapreduce.Job:  map 9% reduce 0%
2020-05-02 21:39:02,142 INFO mapreduce.Job:  map 16% reduce 0%
2020-05-02 21:39:03,150 INFO mapreduce.Job:  map 19% reduce 0%
2020-05-02 21:39:11,212 INFO mapreduce.Job:  map 20% reduce 0%
2020-05-02 21:39:12,220 INFO mapreduce.Job:  map 27% reduce 0%
2020-05-02 21:39:13,226 INFO mapreduce.Job:  map 28% reduce 0%
2020-05-02 21:39:20,272 INFO mapreduce.Job:  map 30% reduce 0%
2020-05-02 21:39:21,278 INFO mapreduce.Job:  map 36% reduce 0%
2020-05-02 21:39:26,314 INFO mapreduce.Job:  map 36% reduce 3%
2020-05-02 21:39:28,328 INFO mapreduce.Job:  map 38% reduce 3%
2020-05-02 21:39:30,343 INFO mapreduce.Job:  map 44% reduce 3%
2020-05-02 21:39:32,354 INFO mapreduce.Job:  map 44% reduce 4%
2020-05-02 21:39:38,385 INFO mapreduce.Job:  map 48% reduce 4%
2020-05-02 21:39:39,390 INFO mapreduce.Job:  map 50% reduce 4%
2020-05-02 21:39:44,434 INFO mapreduce.Job:  map 53% reduce 8%
2020-05-02 21:39:45,447 INFO mapreduce.Job:  map 56% reduce 8%
2020-05-02 21:39:50,480 INFO mapreduce.Job:  map 56% reduce 9%
2020-05-02 21:39:51,486 INFO mapreduce.Job:  map 58% reduce 9%
2020-05-02 21:39:52,495 INFO mapreduce.Job:  map 61% reduce 9%
2020-05-02 21:39:56,523 INFO mapreduce.Job:  map 61% reduce 10%
2020-05-02 21:39:57,530 INFO mapreduce.Job:  map 63% reduce 10%
2020-05-02 21:39:58,537 INFO mapreduce.Job:  map 64% reduce 10%
2020-05-02 21:39:59,542 INFO mapreduce.Job:  map 66% reduce 10%
2020-05-02 21:40:00,547 INFO mapreduce.Job:  map 66% reduce 16%
2020-05-02 21:40:04,588 INFO mapreduce.Job:  map 67% reduce 16%
2020-05-02 21:40:05,594 INFO mapreduce.Job:  map 69% reduce 16%
2020-05-02 21:40:06,600 INFO mapreduce.Job:  map 70% reduce 17%
2020-05-02 21:40:10,623 INFO mapreduce.Job:  map 72% reduce 17%
2020-05-02 21:40:11,629 INFO mapreduce.Job:  map 73% reduce 17%
2020-05-02 21:40:12,636 INFO mapreduce.Job:  map 75% reduce 18%
2020-05-02 21:40:16,660 INFO mapreduce.Job:  map 77% reduce 18%
2020-05-02 21:40:17,668 INFO mapreduce.Job:  map 78% reduce 18%
2020-05-02 21:40:18,674 INFO mapreduce.Job:  map 80% reduce 19%
2020-05-02 21:40:20,682 INFO mapreduce.Job:  map 80% reduce 20%
2020-05-02 21:40:22,690 INFO mapreduce.Job:  map 81% reduce 20%
2020-05-02 21:40:23,708 INFO mapreduce.Job:  map 83% reduce 20%
2020-05-02 21:40:24,712 INFO mapreduce.Job:  map 84% reduce 20%
2020-05-02 21:40:26,721 INFO mapreduce.Job:  map 84% reduce 21%
2020-05-02 21:40:28,730 INFO mapreduce.Job:  map 86% reduce 21%
2020-05-02 21:40:29,735 INFO mapreduce.Job:  map 88% reduce 21%
2020-05-02 21:40:30,742 INFO mapreduce.Job:  map 89% reduce 21%
2020-05-02 21:40:32,755 INFO mapreduce.Job:  map 89% reduce 22%
2020-05-02 21:40:34,769 INFO mapreduce.Job:  map 91% reduce 22%
2020-05-02 21:40:35,773 INFO mapreduce.Job:  map 92% reduce 22%
2020-05-02 21:40:36,779 INFO mapreduce.Job:  map 94% reduce 22%
2020-05-02 21:40:38,787 INFO mapreduce.Job:  map 94% reduce 23%
2020-05-02 21:40:40,796 INFO mapreduce.Job:  map 95% reduce 23%
2020-05-02 21:40:41,808 INFO mapreduce.Job:  map 97% reduce 23%
2020-05-02 21:40:42,812 INFO mapreduce.Job:  map 98% reduce 24%
2020-05-02 21:40:46,837 INFO mapreduce.Job:  map 100% reduce 24%
2020-05-02 21:40:48,848 INFO mapreduce.Job:  map 100% reduce 33%
2020-05-02 21:40:50,860 INFO mapreduce.Job:  map 100% reduce 52%
2020-05-02 21:40:54,877 INFO mapreduce.Job:  map 100% reduce 54%
2020-05-02 21:40:56,904 INFO mapreduce.Job:  map 100% reduce 60%
2020-05-02 21:40:57,908 INFO mapreduce.Job:  map 100% reduce 68%
2020-05-02 21:41:00,923 INFO mapreduce.Job:  map 100% reduce 71%
2020-05-02 21:41:01,932 INFO mapreduce.Job:  map 100% reduce 74%
2020-05-02 21:41:02,935 INFO mapreduce.Job:  map 100% reduce 77%
2020-05-02 21:41:03,939 INFO mapreduce.Job:  map 100% reduce 87%
2020-05-02 21:41:05,950 INFO mapreduce.Job:  map 100% reduce 89%
2020-05-02 21:41:06,956 INFO mapreduce.Job:  map 100% reduce 94%
2020-05-02 21:41:09,972 INFO mapreduce.Job:  map 100% reduce 98%
2020-05-02 21:41:12,999 INFO mapreduce.Job:  map 100% reduce 100%
2020-05-02 21:41:13,011 INFO mapreduce.Job: Job job_1588452626345_0003 completed successfully
2020-05-02 21:41:13,161 INFO mapreduce.Job: Counters: 55
	File System Counters
		FILE: Number of bytes read=4380866634
		FILE: Number of bytes written=8777127896
		FILE: Number of read operations=0
		FILE: Number of large read operations=0
		FILE: Number of write operations=0
		HDFS: Number of bytes read=4303262176
		HDFS: Number of bytes written=4294967200
		HDFS: Number of read operations=340
		HDFS: Number of large read operations=0
		HDFS: Number of write operations=8
		HDFS: Number of bytes read erasure-coded=0
	Job Counters 
		Killed map tasks=1
		Launched map tasks=64
		Launched reduce tasks=4
		Data-local map tasks=64
		Total time spent by all maps in occupied slots (ms)=429136
		Total time spent by all reduces in occupied slots (ms)=321233
		Total time spent by all map tasks (ms)=429136
		Total time spent by all reduce tasks (ms)=321233
		Total vcore-milliseconds taken by all map tasks=429136
		Total vcore-milliseconds taken by all reduce tasks=321233
		Total megabyte-milliseconds taken by all map tasks=439435264
		Total megabyte-milliseconds taken by all reduce tasks=328942592
	Map-Reduce Framework
		Map input records=42949672
		Map output records=42949672
		Map output bytes=4294967200
		Map output materialized bytes=4380868080
		Input split bytes=7104
		Combine input records=0
		Combine output records=0
		Reduce input groups=42949672
		Reduce shuffle bytes=4380868080
		Reduce input records=42949672
		Reduce output records=42949672
		Spilled Records=85899344
		Shuffled Maps =256
		Failed Shuffles=0
		Merged Map outputs=256
		GC time elapsed (ms)=13469
		CPU time spent (ms)=289910
		Physical memory (bytes) snapshot=34001948672
		Virtual memory (bytes) snapshot=176416694272
		Total committed heap usage (bytes)=30545543168
		Peak Map Physical memory (bytes)=593969152
		Peak Map Virtual memory (bytes)=2600587264
		Peak Reduce Physical memory (bytes)=920326144
		Peak Reduce Virtual memory (bytes)=2612854784
	Shuffle Errors
		BAD_ID=0
		CONNECTION=0
		IO_ERROR=0
		WRONG_LENGTH=0
		WRONG_MAP=0
		WRONG_REDUCE=0
	File Input Format Counters 
		Bytes Read=4303224736
	File Output Format Counters 
		Bytes Written=4294967200
Total time to sort data on hadoop: 171.508 seconds

real	2m52.476s
user	0m21.171s
sys	0m2.027s

Valsort
./valsort -o part-00000.sum ../output/part-r-00000
Records: 10579840
Checksum: 50b98e6f7cc1ca
Duplicate keys: 0
SUCCESS - all records are in order
./valsort -o part-00001.sum ../output/part-r-00001
Records: 10442874
Checksum: 4faf5f22d52e9e
Duplicate keys: 0
SUCCESS - all records are in order
./valsort -o part-00002.sum ../output/part-r-00002
Records: 10757585
Checksum: 52135010753bd2
Duplicate keys: 0
SUCCESS - all records are in order
./valsort -o part-00003.sum ../output/part-r-00003
Records: 11169373
Checksum: 5539599ce104e0
Duplicate keys: 0
SUCCESS - all records are in order
./valsort -s all.sum
Records: 42949672
Checksum: 147b5973fa8311a
Duplicate keys: 0
SUCCESS - all records are in order

